$ kpatch-build --sourcedir /home/yuchao/workspace/blade/trunk_newkernel/platform/kernel.NEW-x86 --skip-compiler-check --debug --target vmlinux --name ip_rcv svn_diff.patch
WARNING: Skipping compiler version matching check (not recommended)
DEBUG mode enabled
+ [[ -n '' ]]
+ [[ -n '' ]]
+ [[ -n '' ]]
+ mkdir -p /home/yuchao/.kpatch/tmp
+ rm -rf /home/yuchao/.kpatch/tmp/kpatch-build.env /home/yuchao/.kpatch/tmp/patch
+ rm -f /home/yuchao/.kpatch/build.log
+ [[ -n /home/yuchao/workspace/blade/trunk_newkernel/platform/kernel.NEW-x86 ]]
+ [[ -n '' ]]
+ KERNEL_SRCDIR=/home/yuchao/workspace/blade/trunk_newkernel/platform/kernel.NEW-x86
+ [[ -z '' ]]
+ VMLINUX=/home/yuchao/workspace/blade/trunk_newkernel/platform/kernel.NEW-x86/vmlinux
+ [[ ! -e /home/yuchao/workspace/blade/trunk_newkernel/platform/kernel.NEW-x86/vmlinux ]]
++ strings /home/yuchao/workspace/blade/trunk_newkernel/platform/kernel.NEW-x86/vmlinux
++ grep -m 1 -e '^Linux version'
++ awk '{ print($3); }'
+ ARCHVERSION=4.4.155-fwOS+
+ [[ -n '' ]]
+ [[ -z 4.4.155-fwOS+ ]]
+ [[ -n '' ]]
+ BUILDDIR=/home/yuchao/workspace/blade/trunk_newkernel/platform/kernel.NEW-x86
+ [[ 0 -eq 0 ]]
+ trap cleanup EXIT INT TERM HUP
+ KVER=4.4.155
+ [[ 4.4.155-fwOS+ =~ - ]]
+ KREL=fwOS+
+ KREL=fwOS+
+ [[ 4.4.155-fwOS+ =~ .el7a. ]]
+ [[ -z  vmlinux ]]
+ [[ -z /home/yuchao/workspace/blade/trunk_newkernel/platform/kernel.NEW-x86 ]]
+ [[ '' = fedora ]]
+ [[ '' = rhel ]]
+ [[ '' = ol ]]
+ [[ '' = centos ]]
+ [[ '' = openEuler ]]
+ [[ '' = ubuntu ]]
+ [[ '' = debian ]]
+ save_env
+ export -p
+ grep -wv -e OLDPWD= -e PWD=
+ find_dirs
+ [[ -e /usr/local/bin/create-diff-object ]]
+ [[ -e /usr/local/bin/../libexec/kpatch/create-diff-object ]]
++ readlink -f /usr/local/bin/../libexec/kpatch
+ TOOLSDIR=/usr/local/libexec/kpatch
++ readlink -f /usr/local/bin/../share/kpatch
+ DATADIR=/usr/local/share/kpatch
+ PLUGINDIR=/usr/local/libexec/kpatch
+ [[ -n /home/yuchao/workspace/blade/trunk_newkernel/platform/kernel.NEW-x86 ]]
+ echo 'Using source directory at /home/yuchao/workspace/blade/trunk_newkernel/platform/kernel.NEW-x86'
Using source directory at /home/yuchao/workspace/blade/trunk_newkernel/platform/kernel.NEW-x86
+ [[ /home/yuchao/workspace/blade/trunk_newkernel/platform/kernel.NEW-x86/vmlinux -ef /home/yuchao/workspace/blade/trunk_newkernel/platform/kernel.NEW-x86/vmlinux ]]
+ cp -f /home/yuchao/workspace/blade/trunk_newkernel/platform/kernel.NEW-x86/vmlinux /home/yuchao/.kpatch/tmp/vmlinux
+ VMLINUX=/home/yuchao/.kpatch/tmp/vmlinux
+ [[ -z '' ]]
+ CONFIGFILE=/home/yuchao/workspace/blade/trunk_newkernel/platform/kernel.NEW-x86/.config
+ [[ ! -e /home/yuchao/workspace/blade/trunk_newkernel/platform/kernel.NEW-x86/.config ]]
+ [[ -z '' ]]
+ [[ ! /home/yuchao/workspace/blade/trunk_newkernel/platform/kernel.NEW-x86/.config -ef /home/yuchao/workspace/blade/trunk_newkernel/platform/kernel.NEW-x86/.config ]]
+ source /home/yuchao/workspace/blade/trunk_newkernel/platform/kernel.NEW-x86/.config
++ CONFIG_64BIT=y
++ CONFIG_X86_64=y
++ CONFIG_X86=y
++ CONFIG_INSTRUCTION_DECODER=y
++ CONFIG_PERF_EVENTS_INTEL_UNCORE=y
++ CONFIG_OUTPUT_FORMAT=elf64-x86-64
++ CONFIG_ARCH_DEFCONFIG=arch/x86/configs/x86_64_defconfig
++ CONFIG_LOCKDEP_SUPPORT=y
++ CONFIG_STACKTRACE_SUPPORT=y
++ CONFIG_HAVE_LATENCYTOP_SUPPORT=y
++ CONFIG_MMU=y
++ CONFIG_NEED_DMA_MAP_STATE=y
++ CONFIG_NEED_SG_DMA_LENGTH=y
++ CONFIG_GENERIC_BUG=y
++ CONFIG_GENERIC_BUG_RELATIVE_POINTERS=y
++ CONFIG_GENERIC_HWEIGHT=y
++ CONFIG_RWSEM_XCHGADD_ALGORITHM=y
++ CONFIG_GENERIC_CALIBRATE_DELAY=y
++ CONFIG_ARCH_HAS_CPU_RELAX=y
++ CONFIG_ARCH_HAS_CACHE_LINE_SIZE=y
++ CONFIG_HAVE_SETUP_PER_CPU_AREA=y
++ CONFIG_NEED_PER_CPU_EMBED_FIRST_CHUNK=y
++ CONFIG_NEED_PER_CPU_PAGE_FIRST_CHUNK=y
++ CONFIG_ARCH_HIBERNATION_POSSIBLE=y
++ CONFIG_ARCH_SUSPEND_POSSIBLE=y
++ CONFIG_ARCH_WANT_HUGE_PMD_SHARE=y
++ CONFIG_ARCH_WANT_GENERAL_HUGETLB=y
++ CONFIG_ZONE_DMA32=y
++ CONFIG_AUDIT_ARCH=y
++ CONFIG_ARCH_SUPPORTS_OPTIMIZED_INLINING=y
++ CONFIG_ARCH_SUPPORTS_DEBUG_PAGEALLOC=y
++ CONFIG_X86_64_SMP=y
++ CONFIG_ARCH_SUPPORTS_UPROBES=y
++ CONFIG_FIX_EARLYCON_MEM=y
++ CONFIG_PGTABLE_LEVELS=4
++ CONFIG_DEFCONFIG_LIST=/lib/modules//.config
++ CONFIG_IRQ_WORK=y
++ CONFIG_BUILDTIME_EXTABLE_SORT=y
++ CONFIG_INIT_ENV_ARG_LIMIT=32
++ CONFIG_CROSS_COMPILE=
++ CONFIG_LOCALVERSION=-fwOS
++ CONFIG_HAVE_KERNEL_GZIP=y
++ CONFIG_HAVE_KERNEL_BZIP2=y
++ CONFIG_HAVE_KERNEL_LZMA=y
++ CONFIG_HAVE_KERNEL_XZ=y
++ CONFIG_HAVE_KERNEL_LZO=y
++ CONFIG_HAVE_KERNEL_LZ4=y
++ CONFIG_KERNEL_GZIP=y
++ CONFIG_DEFAULT_HOSTNAME=fwOS
++ CONFIG_SYSVIPC=y
++ CONFIG_SYSVIPC_SYSCTL=y
++ CONFIG_POSIX_MQUEUE=y
++ CONFIG_POSIX_MQUEUE_SYSCTL=y
++ CONFIG_CROSS_MEMORY_ATTACH=y
++ CONFIG_FHANDLE=y
++ CONFIG_HAVE_ARCH_AUDITSYSCALL=y
++ CONFIG_GENERIC_IRQ_PROBE=y
++ CONFIG_GENERIC_IRQ_SHOW=y
++ CONFIG_GENERIC_PENDING_IRQ=y
++ CONFIG_IRQ_DOMAIN=y
++ CONFIG_IRQ_DOMAIN_HIERARCHY=y
++ CONFIG_GENERIC_MSI_IRQ=y
++ CONFIG_GENERIC_MSI_IRQ_DOMAIN=y
++ CONFIG_IRQ_FORCED_THREADING=y
++ CONFIG_SPARSE_IRQ=y
++ CONFIG_CLOCKSOURCE_WATCHDOG=y
++ CONFIG_ARCH_CLOCKSOURCE_DATA=y
++ CONFIG_CLOCKSOURCE_VALIDATE_LAST_CYCLE=y
++ CONFIG_GENERIC_TIME_VSYSCALL=y
++ CONFIG_GENERIC_CLOCKEVENTS=y
++ CONFIG_GENERIC_CLOCKEVENTS_BROADCAST=y
++ CONFIG_GENERIC_CLOCKEVENTS_MIN_ADJUST=y
++ CONFIG_GENERIC_CMOS_UPDATE=y
++ CONFIG_TICK_ONESHOT=y
++ CONFIG_HZ_PERIODIC=y
++ CONFIG_HIGH_RES_TIMERS=y
++ CONFIG_TICK_CPU_ACCOUNTING=y
++ CONFIG_TASKSTATS=y
++ CONFIG_TASK_DELAY_ACCT=y
++ CONFIG_TASK_XACCT=y
++ CONFIG_TASK_IO_ACCOUNTING=y
++ CONFIG_TREE_RCU=y
++ CONFIG_RCU_EXPERT=y
++ CONFIG_SRCU=y
++ CONFIG_RCU_STALL_COMMON=y
++ CONFIG_RCU_FANOUT=64
++ CONFIG_RCU_FANOUT_LEAF=16
++ CONFIG_RCU_KTHREAD_PRIO=0
++ CONFIG_BUILD_BIN2C=y
++ CONFIG_IKCONFIG=y
++ CONFIG_IKCONFIG_PROC=y
++ CONFIG_LOG_BUF_SHIFT=20
++ CONFIG_LOG_CPU_MAX_BUF_SHIFT=12
++ CONFIG_HAVE_UNSTABLE_SCHED_CLOCK=y
++ CONFIG_ARCH_SUPPORTS_NUMA_BALANCING=y
++ CONFIG_ARCH_WANT_BATCHED_UNMAP_TLB_FLUSH=y
++ CONFIG_ARCH_SUPPORTS_INT128=y
++ CONFIG_NUMA_BALANCING=y
++ CONFIG_NUMA_BALANCING_DEFAULT_ENABLED=y
++ CONFIG_CGROUPS=y
++ CONFIG_CGROUP_FREEZER=y
++ CONFIG_CGROUP_PIDS=y
++ CONFIG_CGROUP_DEVICE=y
++ CONFIG_CPUSETS=y
++ CONFIG_PROC_PID_CPUSET=y
++ CONFIG_CGROUP_CPUACCT=y
++ CONFIG_PAGE_COUNTER=y
++ CONFIG_MEMCG=y
++ CONFIG_MEMCG_KMEM=y
++ CONFIG_CGROUP_HUGETLB=y
++ CONFIG_CGROUP_PERF=y
++ CONFIG_CGROUP_SCHED=y
++ CONFIG_FAIR_GROUP_SCHED=y
++ CONFIG_CFS_BANDWIDTH=y
++ CONFIG_RT_GROUP_SCHED=y
++ CONFIG_BLK_CGROUP=y
++ CONFIG_CGROUP_WRITEBACK=y
++ CONFIG_NAMESPACES=y
++ CONFIG_UTS_NS=y
++ CONFIG_IPC_NS=y
++ CONFIG_USER_NS=y
++ CONFIG_PID_NS=y
++ CONFIG_NET_NS=y
++ CONFIG_SCHED_AUTOGROUP=y
++ CONFIG_RELAY=y
++ CONFIG_BLK_DEV_INITRD=y
++ CONFIG_INITRAMFS_SOURCE=
++ CONFIG_RD_LZMA=y
++ CONFIG_CC_OPTIMIZE_FOR_PERFORMANCE=y
++ CONFIG_SYSCTL=y
++ CONFIG_ANON_INODES=y
++ CONFIG_HAVE_UID16=y
++ CONFIG_SYSCTL_EXCEPTION_TRACE=y
++ CONFIG_HAVE_PCSPKR_PLATFORM=y
++ CONFIG_BPF=y
++ CONFIG_EXPERT=y
++ CONFIG_UID16=y
++ CONFIG_MULTIUSER=y
++ CONFIG_SGETMASK_SYSCALL=y
++ CONFIG_SYSFS_SYSCALL=y
++ CONFIG_SYSCTL_SYSCALL=y
++ CONFIG_KALLSYMS=y
++ CONFIG_KALLSYMS_ALL=y
++ CONFIG_PRINTK=y
++ CONFIG_BUG=y
++ CONFIG_ELF_CORE=y
++ CONFIG_PCSPKR_PLATFORM=y
++ CONFIG_BASE_FULL=y
++ CONFIG_FUTEX=y
++ CONFIG_EPOLL=y
++ CONFIG_SIGNALFD=y
++ CONFIG_TIMERFD=y
++ CONFIG_EVENTFD=y
++ CONFIG_BPF_SYSCALL=y
++ CONFIG_SHMEM=y
++ CONFIG_AIO=y
++ CONFIG_ADVISE_SYSCALLS=y
++ CONFIG_USERFAULTFD=y
++ CONFIG_PCI_QUIRKS=y
++ CONFIG_MEMBARRIER=y
++ CONFIG_EMBEDDED=y
++ CONFIG_HAVE_PERF_EVENTS=y
++ CONFIG_PERF_EVENTS=y
++ CONFIG_VM_EVENT_COUNTERS=y
++ CONFIG_SLUB_DEBUG=y
++ CONFIG_SLUB=y
++ CONFIG_SLUB_CPU_PARTIAL=y
++ CONFIG_PROFILING=y
++ CONFIG_TRACEPOINTS=y
++ CONFIG_KEXEC_CORE=y
++ CONFIG_OPROFILE=y
++ CONFIG_HAVE_OPROFILE=y
++ CONFIG_OPROFILE_NMI_TIMER=y
++ CONFIG_KPROBES=y
++ CONFIG_JUMP_LABEL=y
++ CONFIG_OPTPROBES=y
++ CONFIG_KPROBES_ON_FTRACE=y
++ CONFIG_HAVE_EFFICIENT_UNALIGNED_ACCESS=y
++ CONFIG_ARCH_USE_BUILTIN_BSWAP=y
++ CONFIG_KRETPROBES=y
++ CONFIG_HAVE_IOREMAP_PROT=y
++ CONFIG_HAVE_KPROBES=y
++ CONFIG_HAVE_KRETPROBES=y
++ CONFIG_HAVE_OPTPROBES=y
++ CONFIG_HAVE_KPROBES_ON_FTRACE=y
++ CONFIG_HAVE_ARCH_TRACEHOOK=y
++ CONFIG_HAVE_DMA_ATTRS=y
++ CONFIG_HAVE_DMA_CONTIGUOUS=y
++ CONFIG_GENERIC_SMP_IDLE_THREAD=y
++ CONFIG_ARCH_WANTS_DYNAMIC_TASK_STRUCT=y
++ CONFIG_HAVE_REGS_AND_STACK_ACCESS_API=y
++ CONFIG_HAVE_DMA_API_DEBUG=y
++ CONFIG_HAVE_HW_BREAKPOINT=y
++ CONFIG_HAVE_MIXED_BREAKPOINTS_REGS=y
++ CONFIG_HAVE_USER_RETURN_NOTIFIER=y
++ CONFIG_HAVE_PERF_EVENTS_NMI=y
++ CONFIG_HAVE_PERF_REGS=y
++ CONFIG_HAVE_PERF_USER_STACK_DUMP=y
++ CONFIG_HAVE_ARCH_JUMP_LABEL=y
++ CONFIG_ARCH_HAVE_NMI_SAFE_CMPXCHG=y
++ CONFIG_HAVE_ALIGNED_STRUCT_PAGE=y
++ CONFIG_HAVE_CMPXCHG_LOCAL=y
++ CONFIG_HAVE_CMPXCHG_DOUBLE=y
++ CONFIG_ARCH_WANT_COMPAT_IPC_PARSE_VERSION=y
++ CONFIG_ARCH_WANT_OLD_COMPAT_IPC=y
++ CONFIG_HAVE_ARCH_SECCOMP_FILTER=y
++ CONFIG_SECCOMP_FILTER=y
++ CONFIG_HAVE_CC_STACKPROTECTOR=y
++ CONFIG_CC_STACKPROTECTOR=y
++ CONFIG_CC_STACKPROTECTOR_STRONG=y
++ CONFIG_HAVE_CONTEXT_TRACKING=y
++ CONFIG_HAVE_VIRT_CPU_ACCOUNTING_GEN=y
++ CONFIG_HAVE_IRQ_TIME_ACCOUNTING=y
++ CONFIG_HAVE_ARCH_TRANSPARENT_HUGEPAGE=y
++ CONFIG_HAVE_ARCH_HUGE_VMAP=y
++ CONFIG_HAVE_ARCH_SOFT_DIRTY=y
++ CONFIG_MODULES_USE_ELF_RELA=y
++ CONFIG_HAVE_IRQ_EXIT_ON_IRQ_STACK=y
++ CONFIG_ARCH_HAS_ELF_RANDOMIZE=y
++ CONFIG_HAVE_COPY_THREAD_TLS=y
++ CONFIG_OLD_SIGSUSPEND3=y
++ CONFIG_COMPAT_OLD_SIGACTION=y
++ CONFIG_ARCH_HAS_GCOV_PROFILE_ALL=y
++ CONFIG_SLABINFO=y
++ CONFIG_RT_MUTEXES=y
++ CONFIG_BASE_SMALL=0
++ CONFIG_MODULES=y
++ CONFIG_MODULE_UNLOAD=y
++ CONFIG_MODULE_SRCVERSION_ALL=y
++ CONFIG_MODULES_TREE_LOOKUP=y
++ CONFIG_BLOCK=y
++ CONFIG_BLK_DEV_BSG=y
++ CONFIG_BLK_DEV_BSGLIB=y
++ CONFIG_BLK_DEV_THROTTLING=y
++ CONFIG_BLK_CMDLINE_PARSER=y
++ CONFIG_PARTITION_ADVANCED=y
++ CONFIG_MSDOS_PARTITION=y
++ CONFIG_LDM_PARTITION=y
++ CONFIG_EFI_PARTITION=y
++ CONFIG_BLOCK_COMPAT=y
++ CONFIG_IOSCHED_NOOP=y
++ CONFIG_IOSCHED_DEADLINE=y
++ CONFIG_IOSCHED_CFQ=y
++ CONFIG_CFQ_GROUP_IOSCHED=y
++ CONFIG_DEFAULT_CFQ=y
++ CONFIG_DEFAULT_IOSCHED=cfq
++ CONFIG_ASN1=m
++ CONFIG_INLINE_SPIN_UNLOCK_IRQ=y
++ CONFIG_INLINE_READ_UNLOCK=y
++ CONFIG_INLINE_READ_UNLOCK_IRQ=y
++ CONFIG_INLINE_WRITE_UNLOCK=y
++ CONFIG_INLINE_WRITE_UNLOCK_IRQ=y
++ CONFIG_ARCH_SUPPORTS_ATOMIC_RMW=y
++ CONFIG_MUTEX_SPIN_ON_OWNER=y
++ CONFIG_RWSEM_SPIN_ON_OWNER=y
++ CONFIG_LOCK_SPIN_ON_OWNER=y
++ CONFIG_ARCH_USE_QUEUED_SPINLOCKS=y
++ CONFIG_QUEUED_SPINLOCKS=y
++ CONFIG_ARCH_USE_QUEUED_RWLOCKS=y
++ CONFIG_QUEUED_RWLOCKS=y
++ CONFIG_FREEZER=y
++ CONFIG_ZONE_DMA=y
++ CONFIG_SMP=y
++ CONFIG_X86_FEATURE_NAMES=y
++ CONFIG_X86_FAST_FEATURE_TESTS=y
++ CONFIG_RETPOLINE=y
++ CONFIG_IOSF_MBI=y
++ CONFIG_SCHED_OMIT_FRAME_POINTER=y
++ CONFIG_NO_BOOTMEM=y
++ CONFIG_GENERIC_CPU=y
++ CONFIG_X86_INTERNODE_CACHE_SHIFT=6
++ CONFIG_X86_L1_CACHE_SHIFT=6
++ CONFIG_X86_TSC=y
++ CONFIG_X86_CMPXCHG64=y
++ CONFIG_X86_CMOV=y
++ CONFIG_X86_MINIMUM_CPU_FAMILY=64
++ CONFIG_X86_DEBUGCTLMSR=y
++ CONFIG_PROCESSOR_SELECT=y
++ CONFIG_CPU_SUP_INTEL=y
++ CONFIG_CPU_SUP_AMD=y
++ CONFIG_CPU_SUP_CENTAUR=y
++ CONFIG_HPET_TIMER=y
++ CONFIG_HPET_EMULATE_RTC=y
++ CONFIG_DMI=y
++ CONFIG_SWIOTLB=y
++ CONFIG_IOMMU_HELPER=y
++ CONFIG_NR_CPUS=512
++ CONFIG_SCHED_SMT=y
++ CONFIG_SCHED_MC=y
++ CONFIG_PREEMPT_NONE=y
++ CONFIG_X86_LOCAL_APIC=y
++ CONFIG_X86_IO_APIC=y
++ CONFIG_X86_REROUTE_FOR_BROKEN_BOOT_IRQS=y
++ CONFIG_X86_VSYSCALL_EMULATION=y
++ CONFIG_X86_CPUID=y
++ CONFIG_ARCH_PHYS_ADDR_T_64BIT=y
++ CONFIG_ARCH_DMA_ADDR_T_64BIT=y
++ CONFIG_X86_DIRECT_GBPAGES=y
++ CONFIG_NUMA=y
++ CONFIG_X86_64_ACPI_NUMA=y
++ CONFIG_NODES_SPAN_OTHER_NODES=y
++ CONFIG_NODES_SHIFT=6
++ CONFIG_ARCH_SPARSEMEM_ENABLE=y
++ CONFIG_ARCH_SPARSEMEM_DEFAULT=y
++ CONFIG_ARCH_SELECT_MEMORY_MODEL=y
++ CONFIG_ARCH_PROC_KCORE_TEXT=y
++ CONFIG_ILLEGAL_POINTER_VALUE=0xdead000000000000
++ CONFIG_SELECT_MEMORY_MODEL=y
++ CONFIG_SPARSEMEM_MANUAL=y
++ CONFIG_SPARSEMEM=y
++ CONFIG_NEED_MULTIPLE_NODES=y
++ CONFIG_HAVE_MEMORY_PRESENT=y
++ CONFIG_SPARSEMEM_EXTREME=y
++ CONFIG_SPARSEMEM_VMEMMAP_ENABLE=y
++ CONFIG_SPARSEMEM_ALLOC_MEM_MAP_TOGETHER=y
++ CONFIG_SPARSEMEM_VMEMMAP=y
++ CONFIG_HAVE_MEMBLOCK=y
++ CONFIG_HAVE_MEMBLOCK_NODE_MAP=y
++ CONFIG_ARCH_DISCARD_MEMBLOCK=y
++ CONFIG_MEMORY_ISOLATION=y
++ CONFIG_SPLIT_PTLOCK_CPUS=4
++ CONFIG_ARCH_ENABLE_SPLIT_PMD_PTLOCK=y
++ CONFIG_MEMORY_BALLOON=y
++ CONFIG_BALLOON_COMPACTION=y
++ CONFIG_COMPACTION=y
++ CONFIG_MIGRATION=y
++ CONFIG_ARCH_ENABLE_HUGEPAGE_MIGRATION=y
++ CONFIG_PHYS_ADDR_T_64BIT=y
++ CONFIG_ZONE_DMA_FLAG=1
++ CONFIG_BOUNCE=y
++ CONFIG_VIRT_TO_BUS=y
++ CONFIG_KSM=y
++ CONFIG_DEFAULT_MMAP_MIN_ADDR=4096
++ CONFIG_TRANSPARENT_HUGEPAGE=y
++ CONFIG_TRANSPARENT_HUGEPAGE_ALWAYS=y
++ CONFIG_CLEANCACHE=y
++ CONFIG_CMA=y
++ CONFIG_CMA_AREAS=7
++ CONFIG_ZPOOL=y
++ CONFIG_ZBUD=y
++ CONFIG_ZSMALLOC=y
++ CONFIG_PGTABLE_MAPPING=y
++ CONFIG_GENERIC_EARLY_IOREMAP=y
++ CONFIG_ARCH_SUPPORTS_DEFERRED_STRUCT_PAGE_INIT=y
++ CONFIG_IDLE_PAGE_TRACKING=y
++ CONFIG_X86_PMEM_LEGACY_DEVICE=y
++ CONFIG_X86_PMEM_LEGACY=y
++ CONFIG_X86_CHECK_BIOS_CORRUPTION=y
++ CONFIG_X86_BOOTPARAM_MEMORY_CORRUPTION_CHECK=y
++ CONFIG_X86_RESERVE_LOW=64
++ CONFIG_MTRR=y
++ CONFIG_MTRR_SANITIZER=y
++ CONFIG_MTRR_SANITIZER_ENABLE_DEFAULT=1
++ CONFIG_MTRR_SANITIZER_SPARE_REG_NR_DEFAULT=1
++ CONFIG_X86_PAT=y
++ CONFIG_ARCH_USES_PG_UNCACHED=y
++ CONFIG_ARCH_RANDOM=y
++ CONFIG_X86_SMAP=y
++ CONFIG_X86_INTEL_MPX=y
++ CONFIG_EFI=y
++ CONFIG_EFI_STUB=y
++ CONFIG_EFI_MIXED=y
++ CONFIG_SECCOMP=y
++ CONFIG_HZ_100=y
++ CONFIG_HZ=100
++ CONFIG_SCHED_HRTICK=y
++ CONFIG_KEXEC=y
++ CONFIG_CRASH_DUMP=y
++ CONFIG_PHYSICAL_START=0x1000000
++ CONFIG_RELOCATABLE=y
++ CONFIG_RANDOMIZE_BASE=y
++ CONFIG_RANDOMIZE_BASE_MAX_OFFSET=0x40000000
++ CONFIG_X86_NEED_RELOCS=y
++ CONFIG_PHYSICAL_ALIGN=0x1000000
++ CONFIG_HOTPLUG_CPU=y
++ CONFIG_COMPAT_VDSO=y
++ CONFIG_LEGACY_VSYSCALL_EMULATE=y
++ CONFIG_HAVE_LIVEPATCH=y
++ CONFIG_LIVEPATCH=y
++ CONFIG_ARCH_ENABLE_MEMORY_HOTPLUG=y
++ CONFIG_USE_PERCPU_NUMA_NODE_ID=y
++ CONFIG_PM=y
++ CONFIG_ACPI=y
++ CONFIG_ACPI_LEGACY_TABLES_LOOKUP=y
++ CONFIG_ARCH_MIGHT_HAVE_ACPI_PDC=y
++ CONFIG_ACPI_SYSTEM_POWER_STATES_SUPPORT=y
++ CONFIG_ACPI_AC=y
++ CONFIG_ACPI_BATTERY=y
++ CONFIG_ACPI_BUTTON=y
++ CONFIG_ACPI_FAN=y
++ CONFIG_ACPI_DOCK=y
++ CONFIG_ACPI_CPU_FREQ_PSS=y
++ CONFIG_ACPI_PROCESSOR_IDLE=y
++ CONFIG_ACPI_PROCESSOR=y
++ CONFIG_ACPI_HOTPLUG_CPU=y
++ CONFIG_ACPI_PROCESSOR_AGGREGATOR=m
++ CONFIG_ACPI_THERMAL=y
++ CONFIG_ACPI_NUMA=y
++ CONFIG_ACPI_PCI_SLOT=y
++ CONFIG_X86_PM_TIMER=y
++ CONFIG_ACPI_CONTAINER=y
++ CONFIG_ACPI_HOTPLUG_IOAPIC=y
++ CONFIG_ACPI_SBS=m
++ CONFIG_ACPI_HED=y
++ CONFIG_ACPI_BGRT=y
++ CONFIG_ACPI_NFIT=m
++ CONFIG_HAVE_ACPI_APEI=y
++ CONFIG_HAVE_ACPI_APEI_NMI=y
++ CONFIG_ACPI_APEI=y
++ CONFIG_ACPI_APEI_GHES=y
++ CONFIG_ACPI_APEI_PCIEAER=y
++ CONFIG_CPU_IDLE=y
++ CONFIG_CPU_IDLE_GOV_LADDER=y
++ CONFIG_CPU_IDLE_GOV_MENU=y
++ CONFIG_INTEL_IDLE=y
++ CONFIG_I7300_IDLE_IOAT_CHANNEL=y
++ CONFIG_I7300_IDLE=m
++ CONFIG_PCI=y
++ CONFIG_PCI_DIRECT=y
++ CONFIG_PCI_MMCONFIG=y
++ CONFIG_PCI_DOMAINS=y
++ CONFIG_PCI_CNB20LE_QUIRK=y
++ CONFIG_PCIEPORTBUS=y
++ CONFIG_PCIEAER=y
++ CONFIG_PCIE_ECRC=y
++ CONFIG_PCIEAER_INJECT=y
++ CONFIG_PCIE_PME=y
++ CONFIG_PCI_BUS_ADDR_T_64BIT=y
++ CONFIG_PCI_MSI=y
++ CONFIG_PCI_MSI_IRQ_DOMAIN=y
++ CONFIG_PCI_REALLOC_ENABLE_AUTO=y
++ CONFIG_HT_IRQ=y
++ CONFIG_PCI_ATS=y
++ CONFIG_PCI_PRI=y
++ CONFIG_PCI_LABEL=y
++ CONFIG_AMD_NB=y
++ CONFIG_BINFMT_ELF=y
++ CONFIG_COMPAT_BINFMT_ELF=y
++ CONFIG_CORE_DUMP_DEFAULT_ELF_HEADERS=y
++ CONFIG_BINFMT_SCRIPT=y
++ CONFIG_COREDUMP=y
++ CONFIG_IA32_EMULATION=y
++ CONFIG_COMPAT=y
++ CONFIG_COMPAT_FOR_U64_ALIGNMENT=y
++ CONFIG_SYSVIPC_COMPAT=y
++ CONFIG_X86_DEV_DMA_OPS=y
++ CONFIG_PMC_ATOM=y
++ CONFIG_NET=y
++ CONFIG_COMPAT_NETLINK_MESSAGES=y
++ CONFIG_NET_INGRESS=y
++ CONFIG_PACKET=y
++ CONFIG_PACKET_DIAG=y
++ CONFIG_UNIX=y
++ CONFIG_XFRM=y
++ CONFIG_XFRM_ALGO=y
++ CONFIG_XFRM_USER=y
++ CONFIG_XFRM_STATISTICS=y
++ CONFIG_XFRM_IPCOMP=m
++ CONFIG_NET_KEY=y
++ CONFIG_INET=y
++ CONFIG_IP_MULTICAST=y
++ CONFIG_IP_ADVANCED_ROUTER=y
++ CONFIG_IP_FIB_TRIE_STATS=y
++ CONFIG_IP_MULTIPLE_TABLES=y
++ CONFIG_IP_ROUTE_MULTIPATH=y
++ CONFIG_IP_ROUTE_VERBOSE=y
++ CONFIG_IP_ROUTE_CLASSID=y
++ CONFIG_NET_IPIP=m
++ CONFIG_NET_IPGRE_DEMUX=m
++ CONFIG_NET_IP_TUNNEL=m
++ CONFIG_NET_IPGRE=m
++ CONFIG_NET_IPGRE_BROADCAST=y
++ CONFIG_IP_MROUTE=y
++ CONFIG_IP_MROUTE_MULTIPLE_TABLES=y
++ CONFIG_IP_PIMSM_V1=y
++ CONFIG_IP_PIMSM_V2=y
++ CONFIG_SYN_COOKIES=y
++ CONFIG_NET_UDP_TUNNEL=m
++ CONFIG_INET_AH=m
++ CONFIG_INET_ESP=m
++ CONFIG_INET_IPCOMP=m
++ CONFIG_INET_XFRM_TUNNEL=m
++ CONFIG_INET_TUNNEL=m
++ CONFIG_INET_XFRM_MODE_TRANSPORT=m
++ CONFIG_INET_XFRM_MODE_TUNNEL=m
++ CONFIG_INET_XFRM_MODE_BEET=m
++ CONFIG_INET_LRO=m
++ CONFIG_INET_DIAG=m
++ CONFIG_INET_TCP_DIAG=m
++ CONFIG_INET_UDP_DIAG=m
++ CONFIG_TCP_CONG_CUBIC=y
++ CONFIG_DEFAULT_TCP_CONG=cubic
++ CONFIG_IPV6=y
++ CONFIG_IPV6_ROUTER_PREF=y
++ CONFIG_IPV6_ROUTE_INFO=y
++ CONFIG_IPV6_OPTIMISTIC_DAD=y
++ CONFIG_INET6_AH=m
++ CONFIG_INET6_ESP=m
++ CONFIG_INET6_IPCOMP=m
++ CONFIG_IPV6_MIP6=m
++ CONFIG_IPV6_ILA=m
++ CONFIG_INET6_XFRM_TUNNEL=m
++ CONFIG_INET6_TUNNEL=m
++ CONFIG_INET6_XFRM_MODE_TRANSPORT=m
++ CONFIG_INET6_XFRM_MODE_TUNNEL=m
++ CONFIG_INET6_XFRM_MODE_BEET=m
++ CONFIG_INET6_XFRM_MODE_ROUTEOPTIMIZATION=m
++ CONFIG_IPV6_VTI=m
++ CONFIG_IPV6_SIT=m
++ CONFIG_IPV6_SIT_6RD=y
++ CONFIG_IPV6_NDISC_NODETYPE=y
++ CONFIG_IPV6_TUNNEL=m
++ CONFIG_IPV6_GRE=m
++ CONFIG_IPV6_MULTIPLE_TABLES=y
++ CONFIG_IPV6_SUBTREES=y
++ CONFIG_IPV6_MROUTE=y
++ CONFIG_IPV6_MROUTE_MULTIPLE_TABLES=y
++ CONFIG_IPV6_PIMSM_V2=y
++ CONFIG_NET_PTP_CLASSIFY=y
++ CONFIG_NETFILTER=y
++ CONFIG_NETFILTER_ADVANCED=y
++ CONFIG_BRIDGE_NETFILTER=m
++ CONFIG_NETFILTER_INGRESS=y
++ CONFIG_NETFILTER_NETLINK=m
++ CONFIG_NETFILTER_NETLINK_ACCT=m
++ CONFIG_NETFILTER_NETLINK_QUEUE=m
++ CONFIG_NETFILTER_NETLINK_LOG=m
++ CONFIG_NF_CONNTRACK=m
++ CONFIG_NF_LOG_COMMON=m
++ CONFIG_NF_CONNTRACK_MARK=y
++ CONFIG_NF_CONNTRACK_ZONES=y
++ CONFIG_NF_CONNTRACK_PROCFS=y
++ CONFIG_NF_CONNTRACK_EVENTS=y
++ CONFIG_NF_CONNTRACK_TIMEOUT=y
++ CONFIG_NF_CONNTRACK_TIMESTAMP=y
++ CONFIG_NF_CONNTRACK_LABELS=y
++ CONFIG_NF_CT_PROTO_DCCP=m
++ CONFIG_NF_CT_PROTO_GRE=m
++ CONFIG_NF_CT_PROTO_SCTP=m
++ CONFIG_NF_CT_PROTO_UDPLITE=m
++ CONFIG_NF_CONNTRACK_AMANDA=m
++ CONFIG_NF_CONNTRACK_FTP=m
++ CONFIG_NF_CONNTRACK_H323=m
++ CONFIG_NF_CONNTRACK_IRC=m
++ CONFIG_NF_CONNTRACK_BROADCAST=m
++ CONFIG_NF_CONNTRACK_NETBIOS_NS=m
++ CONFIG_NF_CONNTRACK_SNMP=m
++ CONFIG_NF_CONNTRACK_PPTP=m
++ CONFIG_NF_CONNTRACK_SANE=m
++ CONFIG_NF_CONNTRACK_SIP=m
++ CONFIG_NF_CONNTRACK_TFTP=m
++ CONFIG_NF_CONNTRACK_RTSP=m
++ CONFIG_NF_CONNTRACK_TNS=m
++ CONFIG_NF_CONNTRACK_MMS=m
++ CONFIG_NF_CT_NETLINK=m
++ CONFIG_NF_CT_NETLINK_TIMEOUT=m
++ CONFIG_NF_CT_NETLINK_HELPER=m
++ CONFIG_NETFILTER_NETLINK_GLUE_CT=y
++ CONFIG_NF_NAT=m
++ CONFIG_NF_NAT_NEEDED=y
++ CONFIG_NF_NAT_PROTO_DCCP=m
++ CONFIG_NF_NAT_PROTO_UDPLITE=m
++ CONFIG_NF_NAT_PROTO_SCTP=m
++ CONFIG_NF_NAT_AMANDA=m
++ CONFIG_NF_NAT_FTP=m
++ CONFIG_NF_NAT_IRC=m
++ CONFIG_NF_NAT_SIP=m
++ CONFIG_NF_NAT_TFTP=m
++ CONFIG_NF_NAT_RTSP=m
++ CONFIG_NF_NAT_TNS=m
++ CONFIG_NF_NAT_MMS=m
++ CONFIG_NF_NAT_REDIRECT=m
++ CONFIG_NETFILTER_SYNPROXY=m
++ CONFIG_NF_TABLES=m
++ CONFIG_NF_TABLES_INET=m
++ CONFIG_NF_TABLES_NETDEV=m
++ CONFIG_NFT_EXTHDR=m
++ CONFIG_NFT_META=m
++ CONFIG_NFT_CT=m
++ CONFIG_NFT_RBTREE=m
++ CONFIG_NFT_HASH=m
++ CONFIG_NFT_COUNTER=m
++ CONFIG_NFT_LOG=m
++ CONFIG_NFT_LIMIT=m
++ CONFIG_NFT_MASQ=m
++ CONFIG_NFT_REDIR=m
++ CONFIG_NFT_NAT=m
++ CONFIG_NFT_QUEUE=m
++ CONFIG_NFT_REJECT=m
++ CONFIG_NFT_REJECT_INET=m
++ CONFIG_NFT_COMPAT=m
++ CONFIG_NETFILTER_XTABLES=m
++ CONFIG_NETFILTER_XT_MARK=m
++ CONFIG_NETFILTER_XT_CONNMARK=m
++ CONFIG_NETFILTER_XT_SET=m
++ CONFIG_NETFILTER_XT_TARGET_CHECKSUM=m
++ CONFIG_NETFILTER_XT_TARGET_CLASSIFY=m
++ CONFIG_NETFILTER_XT_TARGET_CONNMARK=m
++ CONFIG_NETFILTER_XT_TARGET_CT=m
++ CONFIG_NETFILTER_XT_TARGET_DSCP=m
++ CONFIG_NETFILTER_XT_TARGET_HL=m
++ CONFIG_NETFILTER_XT_TARGET_HMARK=m
++ CONFIG_NETFILTER_XT_TARGET_IDLETIMER=m
++ CONFIG_NETFILTER_XT_TARGET_LOG=m
++ CONFIG_NETFILTER_XT_TARGET_MARK=m
++ CONFIG_NETFILTER_XT_NAT=m
++ CONFIG_NETFILTER_XT_TARGET_NETMAP=m
++ CONFIG_NETFILTER_XT_TARGET_NFLOG=m
++ CONFIG_NETFILTER_XT_TARGET_NFQUEUE=m
++ CONFIG_NETFILTER_XT_TARGET_RATEEST=m
++ CONFIG_NETFILTER_XT_TARGET_REDIRECT=m
++ CONFIG_NETFILTER_XT_TARGET_TEE=m
++ CONFIG_NETFILTER_XT_TARGET_TPROXY=m
++ CONFIG_NETFILTER_XT_TARGET_TRACE=m
++ CONFIG_NETFILTER_XT_TARGET_TCPMSS=m
++ CONFIG_NETFILTER_XT_TARGET_TCPOPTSTRIP=m
++ CONFIG_NETFILTER_XT_MATCH_ADDRTYPE=m
++ CONFIG_NETFILTER_XT_MATCH_BPF=m
++ CONFIG_NETFILTER_XT_MATCH_CGROUP=m
++ CONFIG_NETFILTER_XT_MATCH_CLUSTER=m
++ CONFIG_NETFILTER_XT_MATCH_COMMENT=m
++ CONFIG_NETFILTER_XT_MATCH_CONNBYTES=m
++ CONFIG_NETFILTER_XT_MATCH_CONNLABEL=m
++ CONFIG_NETFILTER_XT_MATCH_CONNLIMIT=m
++ CONFIG_NETFILTER_XT_MATCH_CONNMARK=m
++ CONFIG_NETFILTER_XT_MATCH_CONNTRACK=m
++ CONFIG_NETFILTER_XT_MATCH_CPU=m
++ CONFIG_NETFILTER_XT_MATCH_DCCP=m
++ CONFIG_NETFILTER_XT_MATCH_DEVGROUP=m
++ CONFIG_NETFILTER_XT_MATCH_DSCP=m
++ CONFIG_NETFILTER_XT_MATCH_ECN=m
++ CONFIG_NETFILTER_XT_MATCH_ESP=m
++ CONFIG_NETFILTER_XT_MATCH_HASHLIMIT=m
++ CONFIG_NETFILTER_XT_MATCH_HELPER=m
++ CONFIG_NETFILTER_XT_MATCH_HL=m
++ CONFIG_NETFILTER_XT_MATCH_IPCOMP=m
++ CONFIG_NETFILTER_XT_MATCH_IPRANGE=m
++ CONFIG_NETFILTER_XT_MATCH_IPVS=m
++ CONFIG_NETFILTER_XT_MATCH_L2TP=m
++ CONFIG_NETFILTER_XT_MATCH_LENGTH=m
++ CONFIG_NETFILTER_XT_MATCH_LIMIT=m
++ CONFIG_NETFILTER_XT_MATCH_MAC=m
++ CONFIG_NETFILTER_XT_MATCH_MARK=m
++ CONFIG_NETFILTER_XT_MATCH_MULTIPORT=m
++ CONFIG_NETFILTER_XT_MATCH_NFACCT=m
++ CONFIG_NETFILTER_XT_MATCH_OSF=m
++ CONFIG_NETFILTER_XT_MATCH_OWNER=m
++ CONFIG_NETFILTER_XT_MATCH_POLICY=m
++ CONFIG_NETFILTER_XT_MATCH_PHYSDEV=m
++ CONFIG_NETFILTER_XT_MATCH_PKTTYPE=m
++ CONFIG_NETFILTER_XT_MATCH_QUOTA=m
++ CONFIG_NETFILTER_XT_MATCH_RATEEST=m
++ CONFIG_NETFILTER_XT_MATCH_REALM=m
++ CONFIG_NETFILTER_XT_MATCH_RECENT=m
++ CONFIG_NETFILTER_XT_MATCH_SCTP=m
++ CONFIG_NETFILTER_XT_MATCH_SOCKET=m
++ CONFIG_NETFILTER_XT_MATCH_STATE=m
++ CONFIG_NETFILTER_XT_MATCH_STATISTIC=m
++ CONFIG_NETFILTER_XT_MATCH_STRING=m
++ CONFIG_NETFILTER_XT_MATCH_TCPMSS=m
++ CONFIG_NETFILTER_XT_MATCH_TIME=m
++ CONFIG_NETFILTER_XT_MATCH_U32=m
++ CONFIG_IP_SET=m
++ CONFIG_IP_SET_MAX=1024
++ CONFIG_IP_SET_BITMAP_IP=m
++ CONFIG_IP_SET_BITMAP_IPMAC=m
++ CONFIG_IP_SET_BITMAP_PORT=m
++ CONFIG_IP_SET_HASH_IP=m
++ CONFIG_IP_SET_HASH_IPMARK=m
++ CONFIG_IP_SET_HASH_IPPORT=m
++ CONFIG_IP_SET_HASH_IPPORTIP=m
++ CONFIG_IP_SET_HASH_IPPORTNET=m
++ CONFIG_IP_SET_HASH_MAC=m
++ CONFIG_IP_SET_HASH_PORT=m
++ CONFIG_IP_SET_HASH_PORTPORT=m
++ CONFIG_IP_SET_HASH_NETPORTNET=m
++ CONFIG_IP_SET_HASH_NET=m
++ CONFIG_IP_SET_HASH_NETNET=m
++ CONFIG_IP_SET_HASH_NETPORT=m
++ CONFIG_IP_SET_HASH_NETIFACE=m
++ CONFIG_IP_SET_LIST_SET=m
++ CONFIG_IP_VS=m
++ CONFIG_IP_VS_IPV6=y
++ CONFIG_IP_VS_TAB_BITS=12
++ CONFIG_IP_VS_PROTO_TCP=y
++ CONFIG_IP_VS_PROTO_UDP=y
++ CONFIG_IP_VS_PROTO_AH_ESP=y
++ CONFIG_IP_VS_PROTO_ESP=y
++ CONFIG_IP_VS_PROTO_AH=y
++ CONFIG_IP_VS_PROTO_SCTP=y
++ CONFIG_IP_VS_RR=m
++ CONFIG_IP_VS_WRR=m
++ CONFIG_IP_VS_LC=m
++ CONFIG_IP_VS_WLC=m
++ CONFIG_IP_VS_FO=m
++ CONFIG_IP_VS_OVF=m
++ CONFIG_IP_VS_LBLC=m
++ CONFIG_IP_VS_LBLCR=m
++ CONFIG_IP_VS_DH=m
++ CONFIG_IP_VS_SH=m
++ CONFIG_IP_VS_SED=m
++ CONFIG_IP_VS_NQ=m
++ CONFIG_IP_VS_SH_TAB_BITS=8
++ CONFIG_IP_VS_FTP=m
++ CONFIG_IP_VS_NFCT=y
++ CONFIG_IP_VS_PE_SIP=m
++ CONFIG_NF_DEFRAG_IPV4=m
++ CONFIG_NF_CONNTRACK_IPV4=m
++ CONFIG_NF_CONNTRACK_PROC_COMPAT=y
++ CONFIG_NF_TABLES_IPV4=m
++ CONFIG_NFT_CHAIN_ROUTE_IPV4=m
++ CONFIG_NFT_REJECT_IPV4=m
++ CONFIG_NFT_DUP_IPV4=m
++ CONFIG_NF_TABLES_ARP=m
++ CONFIG_NF_DUP_IPV4=m
++ CONFIG_NF_LOG_ARP=m
++ CONFIG_NF_LOG_IPV4=m
++ CONFIG_NF_REJECT_IPV4=m
++ CONFIG_NF_NAT_IPV4=m
++ CONFIG_NFT_CHAIN_NAT_IPV4=m
++ CONFIG_NF_NAT_MASQUERADE_IPV4=m
++ CONFIG_NFT_MASQ_IPV4=m
++ CONFIG_NFT_REDIR_IPV4=m
++ CONFIG_NF_NAT_SNMP_BASIC=m
++ CONFIG_NF_NAT_PROTO_GRE=m
++ CONFIG_NF_NAT_PPTP=m
++ CONFIG_NF_NAT_H323=m
++ CONFIG_IP_NF_IPTABLES=m
++ CONFIG_IP_NF_MATCH_AH=m
++ CONFIG_IP_NF_MATCH_ECN=m
++ CONFIG_IP_NF_MATCH_RPFILTER=m
++ CONFIG_IP_NF_MATCH_TTL=m
++ CONFIG_IP_NF_FILTER=m
++ CONFIG_IP_NF_TARGET_REJECT=m
++ CONFIG_IP_NF_TARGET_SYNPROXY=m
++ CONFIG_IP_NF_NAT=m
++ CONFIG_IP_NF_TARGET_MASQUERADE=m
++ CONFIG_IP_NF_TARGET_NETMAP=m
++ CONFIG_IP_NF_TARGET_REDIRECT=m
++ CONFIG_IP_NF_MANGLE=m
++ CONFIG_IP_NF_TARGET_CLUSTERIP=m
++ CONFIG_IP_NF_TARGET_ECN=m
++ CONFIG_IP_NF_TARGET_TTL=m
++ CONFIG_IP_NF_RAW=m
++ CONFIG_IP_NF_ARPTABLES=m
++ CONFIG_IP_NF_ARPFILTER=m
++ CONFIG_IP_NF_ARP_MANGLE=m
++ CONFIG_NF_DEFRAG_IPV6=m
++ CONFIG_NF_CONNTRACK_IPV6=m
++ CONFIG_NF_TABLES_IPV6=m
++ CONFIG_NFT_CHAIN_ROUTE_IPV6=m
++ CONFIG_NFT_REJECT_IPV6=m
++ CONFIG_NFT_DUP_IPV6=m
++ CONFIG_NF_DUP_IPV6=m
++ CONFIG_NF_REJECT_IPV6=m
++ CONFIG_NF_LOG_IPV6=m
++ CONFIG_NF_NAT_IPV6=m
++ CONFIG_NFT_CHAIN_NAT_IPV6=m
++ CONFIG_NF_NAT_MASQUERADE_IPV6=m
++ CONFIG_NFT_MASQ_IPV6=m
++ CONFIG_NFT_REDIR_IPV6=m
++ CONFIG_IP6_NF_IPTABLES=m
++ CONFIG_IP6_NF_MATCH_AH=m
++ CONFIG_IP6_NF_MATCH_EUI64=m
++ CONFIG_IP6_NF_MATCH_FRAG=m
++ CONFIG_IP6_NF_MATCH_OPTS=m
++ CONFIG_IP6_NF_MATCH_HL=m
++ CONFIG_IP6_NF_MATCH_IPV6HEADER=m
++ CONFIG_IP6_NF_MATCH_MH=m
++ CONFIG_IP6_NF_MATCH_RPFILTER=m
++ CONFIG_IP6_NF_MATCH_RT=m
++ CONFIG_IP6_NF_TARGET_HL=m
++ CONFIG_IP6_NF_FILTER=m
++ CONFIG_IP6_NF_TARGET_REJECT=m
++ CONFIG_IP6_NF_TARGET_SYNPROXY=m
++ CONFIG_IP6_NF_MANGLE=m
++ CONFIG_IP6_NF_RAW=m
++ CONFIG_IP6_NF_NAT=m
++ CONFIG_IP6_NF_TARGET_MASQUERADE=m
++ CONFIG_IP6_NF_TARGET_NPT=m
++ CONFIG_NF_TABLES_BRIDGE=m
++ CONFIG_NFT_BRIDGE_META=m
++ CONFIG_NFT_BRIDGE_REJECT=m
++ CONFIG_NF_LOG_BRIDGE=m
++ CONFIG_BRIDGE_NF_EBTABLES=m
++ CONFIG_BRIDGE_EBT_BROUTE=m
++ CONFIG_BRIDGE_EBT_T_FILTER=m
++ CONFIG_BRIDGE_EBT_T_NAT=m
++ CONFIG_BRIDGE_EBT_802_3=m
++ CONFIG_BRIDGE_EBT_AMONG=m
++ CONFIG_BRIDGE_EBT_ARP=m
++ CONFIG_BRIDGE_EBT_IP=m
++ CONFIG_BRIDGE_EBT_IP6=m
++ CONFIG_BRIDGE_EBT_LIMIT=m
++ CONFIG_BRIDGE_EBT_MARK=m
++ CONFIG_BRIDGE_EBT_PKTTYPE=m
++ CONFIG_BRIDGE_EBT_STP=m
++ CONFIG_BRIDGE_EBT_VLAN=m
++ CONFIG_BRIDGE_EBT_ARPREPLY=m
++ CONFIG_BRIDGE_EBT_DNAT=m
++ CONFIG_BRIDGE_EBT_MARK_T=m
++ CONFIG_BRIDGE_EBT_REDIRECT=m
++ CONFIG_BRIDGE_EBT_SNAT=m
++ CONFIG_BRIDGE_EBT_LOG=m
++ CONFIG_BRIDGE_EBT_NFLOG=m
++ CONFIG_FWOS=y
++ CONFIG_FWOS_BASE=y
++ CONFIG_FWOS_LOGX=m
++ CONFIG_FWOS_FASTPATH=m
++ CONFIG_FWOS_PK_FASTPATH=m
++ CONFIG_FWOS_L2FILTER=y
++ CONFIG_FWOS_RULEFIRST=y
++ CONFIG_FWOS_BACKPATH=y
++ CONFIG_FWOS_HOSTBW=y
++ CONFIG_FWOS_SEQADJ=y
++ CONFIG_FWOS_IPMAC=m
++ CONFIG_FWOS_HA=y
++ CONFIG_FWOS_VLAN=y
++ CONFIG_FWOS_ANTIATTACK=m
++ CONFIG_FWOS_ANTIFLOOD=m
++ CONFIG_FWOS_CONNTOPSTAT=m
++ CONFIG_FWOS_IP_ADDR_POOL=y
++ CONFIG_FWOS_VPN=y
++ CONFIG_FWOS_IFW=y
++ CONFIG_FWOS_PM=y
++ CONFIG_FWOS_ASIC=m
++ CONFIG_FWOS_ASIC_XGB=m
++ CONFIG_FWOS_VPN_IP_LAST=m
++ CONFIG_FWOS_VPN_IP_IPSEC=m
++ CONFIG_FWOS_VPN_IP_IPSEC_FASTPATH=m
++ CONFIG_FWOS_VPN_IP6_LAST=m
++ CONFIG_FWOS_VPN_IP6_IPSEC=m
++ CONFIG_FWOS_VPN_IP6_IPSEC_FASTPATH=m
++ CONFIG_FWOS_FLOWMONITOR=m
++ CONFIG_FWOS_ACCCTRL=m
++ CONFIG_FWOS_TRAFFIC_STATS=m
++ CONFIG_FWOS_SVN_INFO=y
++ CONFIG_IP_DCCP=m
++ CONFIG_INET_DCCP_DIAG=m
++ CONFIG_IP_DCCP_CCID3=y
++ CONFIG_IP_DCCP_TFRC_LIB=y
++ CONFIG_IP_SCTP=m
++ CONFIG_SCTP_DEFAULT_COOKIE_HMAC_MD5=y
++ CONFIG_SCTP_COOKIE_HMAC_MD5=y
++ CONFIG_L2TP=m
++ CONFIG_STP=y
++ CONFIG_GARP=m
++ CONFIG_MRP=m
++ CONFIG_BRIDGE=y
++ CONFIG_BRIDGE_IGMP_SNOOPING=y
++ CONFIG_BRIDGE_VLAN_FILTERING=y
++ CONFIG_HAVE_NET_DSA=y
++ CONFIG_VLAN_8021Q=m
++ CONFIG_VLAN_8021Q_GVRP=y
++ CONFIG_VLAN_8021Q_MVRP=y
++ CONFIG_LLC=y
++ CONFIG_LLC2=m
++ CONFIG_NET_SCHED=y
++ CONFIG_NET_SCH_CBQ=m
++ CONFIG_NET_SCH_HTB=m
++ CONFIG_NET_SCH_HFSC=m
++ CONFIG_NET_SCH_PRIO=m
++ CONFIG_NET_SCH_MULTIQ=m
++ CONFIG_NET_SCH_RED=m
++ CONFIG_NET_SCH_SFB=m
++ CONFIG_NET_SCH_SFQ=m
++ CONFIG_NET_SCH_TEQL=m
++ CONFIG_NET_SCH_TBF=m
++ CONFIG_NET_SCH_GRED=m
++ CONFIG_NET_SCH_DSMARK=m
++ CONFIG_NET_SCH_NETEM=m
++ CONFIG_NET_SCH_DRR=m
++ CONFIG_NET_SCH_MQPRIO=m
++ CONFIG_NET_SCH_CHOKE=m
++ CONFIG_NET_SCH_QFQ=m
++ CONFIG_NET_SCH_CODEL=m
++ CONFIG_NET_SCH_FQ_CODEL=m
++ CONFIG_NET_SCH_FQ=m
++ CONFIG_NET_SCH_HHF=m
++ CONFIG_NET_SCH_PIE=m
++ CONFIG_NET_SCH_INGRESS=m
++ CONFIG_NET_SCH_PLUG=m
++ CONFIG_NET_CLS=y
++ CONFIG_NET_CLS_BASIC=m
++ CONFIG_NET_CLS_TCINDEX=m
++ CONFIG_NET_CLS_ROUTE4=y
++ CONFIG_NET_CLS_FW=m
++ CONFIG_NET_CLS_U32=m
++ CONFIG_CLS_U32_PERF=y
++ CONFIG_CLS_U32_MARK=y
++ CONFIG_NET_CLS_RSVP=m
++ CONFIG_NET_CLS_RSVP6=m
++ CONFIG_NET_CLS_FLOW=m
++ CONFIG_NET_CLS_CGROUP=m
++ CONFIG_NET_CLS_BPF=m
++ CONFIG_NET_CLS_FLOWER=m
++ CONFIG_NET_EMATCH=y
++ CONFIG_NET_EMATCH_STACK=32
++ CONFIG_NET_EMATCH_CMP=m
++ CONFIG_NET_EMATCH_NBYTE=m
++ CONFIG_NET_EMATCH_U32=m
++ CONFIG_NET_EMATCH_META=m
++ CONFIG_NET_EMATCH_TEXT=m
++ CONFIG_NET_EMATCH_IPSET=m
++ CONFIG_NET_CLS_ACT=y
++ CONFIG_NET_ACT_POLICE=m
++ CONFIG_NET_ACT_GACT=m
++ CONFIG_GACT_PROB=y
++ CONFIG_NET_ACT_MIRRED=m
++ CONFIG_NET_ACT_IPT=m
++ CONFIG_NET_ACT_NAT=m
++ CONFIG_NET_ACT_PEDIT=m
++ CONFIG_NET_ACT_SIMP=m
++ CONFIG_NET_ACT_SKBEDIT=m
++ CONFIG_NET_ACT_CSUM=m
++ CONFIG_NET_ACT_VLAN=m
++ CONFIG_NET_ACT_BPF=m
++ CONFIG_NET_ACT_CONNMARK=m
++ CONFIG_NET_CLS_IND=y
++ CONFIG_NET_SCH_FIFO=y
++ CONFIG_DNS_RESOLVER=m
++ CONFIG_RPS=y
++ CONFIG_RFS_ACCEL=y
++ CONFIG_XPS=y
++ CONFIG_CGROUP_NET_PRIO=y
++ CONFIG_CGROUP_NET_CLASSID=y
++ CONFIG_NET_RX_BUSY_POLL=y
++ CONFIG_BQL=y
++ CONFIG_NET_FLOW_LIMIT=y
++ CONFIG_FIB_RULES=y
++ CONFIG_WIRELESS=y
++ CONFIG_WIRELESS_EXT=y
++ CONFIG_WEXT_CORE=y
++ CONFIG_WEXT_PROC=y
++ CONFIG_WEXT_SPY=y
++ CONFIG_WEXT_PRIV=y
++ CONFIG_CFG80211=m
++ CONFIG_NL80211_TESTMODE=y
++ CONFIG_CFG80211_DEFAULT_PS=y
++ CONFIG_CFG80211_INTERNAL_REGDB=y
++ CONFIG_CFG80211_CRDA_SUPPORT=y
++ CONFIG_CFG80211_WEXT=y
++ CONFIG_LIB80211=m
++ CONFIG_LIB80211_CRYPT_WEP=m
++ CONFIG_LIB80211_CRYPT_CCMP=m
++ CONFIG_LIB80211_CRYPT_TKIP=m
++ CONFIG_MAC80211_STA_HASH_MAX_SIZE=0
++ CONFIG_LWTUNNEL=y
++ CONFIG_DST_CACHE=y
++ CONFIG_HAVE_BPF_JIT=y
++ CONFIG_HAVE_EBPF_JIT=y
++ CONFIG_UEVENT_HELPER=y
++ CONFIG_UEVENT_HELPER_PATH=/sbin/hotplug
++ CONFIG_DEVTMPFS=y
++ CONFIG_DEVTMPFS_MOUNT=y
++ CONFIG_STANDALONE=y
++ CONFIG_PREVENT_FIRMWARE_BUILD=y
++ CONFIG_FW_LOADER=y
++ CONFIG_EXTRA_FIRMWARE=
++ CONFIG_ALLOW_DEV_COREDUMP=y
++ CONFIG_GENERIC_CPU_AUTOPROBE=y
++ CONFIG_GENERIC_CPU_VULNERABILITIES=y
++ CONFIG_DMA_CMA=y
++ CONFIG_CMA_SIZE_MBYTES=32
++ CONFIG_CMA_SIZE_SEL_MBYTES=y
++ CONFIG_CMA_ALIGNMENT=8
++ CONFIG_ARCH_MIGHT_HAVE_PC_PARPORT=y
++ CONFIG_PNP=y
++ CONFIG_PNPACPI=y
++ CONFIG_BLK_DEV=y
++ CONFIG_BLK_DEV_LOOP=m
++ CONFIG_BLK_DEV_LOOP_MIN_COUNT=8
++ CONFIG_BLK_DEV_RAM=m
++ CONFIG_BLK_DEV_RAM_COUNT=16
++ CONFIG_BLK_DEV_RAM_SIZE=4096
++ CONFIG_VIRTIO_BLK=y
++ CONFIG_EEPROM_AT24=m
++ CONFIG_EEPROM_LEGACY=m
++ CONFIG_EEPROM_MAX6875=m
++ CONFIG_EEPROM_93CX6=m
++ CONFIG_HAVE_IDE=y
++ CONFIG_SCSI_MOD=y
++ CONFIG_SCSI=y
++ CONFIG_SCSI_DMA=y
++ CONFIG_BLK_DEV_SD=y
++ CONFIG_CHR_DEV_SG=y
++ CONFIG_SCSI_LOWLEVEL=y
++ CONFIG_SCSI_VIRTIO=y
++ CONFIG_ATA=y
++ CONFIG_ATA_ACPI=y
++ CONFIG_SATA_PMP=y
++ CONFIG_SATA_AHCI=y
++ CONFIG_ATA_SFF=y
++ CONFIG_ATA_BMDMA=y
++ CONFIG_ATA_PIIX=y
++ CONFIG_PATA_OLDPIIX=y
++ CONFIG_PATA_SCH=y
++ CONFIG_PATA_MPIIX=y
++ CONFIG_ATA_GENERIC=y
++ CONFIG_NETDEVICES=y
++ CONFIG_MII=y
++ CONFIG_NET_CORE=y
++ CONFIG_BONDING=m
++ CONFIG_IFB=m
++ CONFIG_MACVLAN=m
++ CONFIG_MACVTAP=m
++ CONFIG_IPVLAN=m
++ CONFIG_VXLAN=m
++ CONFIG_TUN=m
++ CONFIG_VETH=m
++ CONFIG_VIRTIO_NET=y
++ CONFIG_ETHERNET=y
++ CONFIG_MDIO=m
++ CONFIG_NET_VENDOR_INTEL=y
++ CONFIG_E1000=y
++ CONFIG_E1000E=y
++ CONFIG_IGB=m
++ CONFIG_IGB_HWMON=y
++ CONFIG_IGBVF=m
++ CONFIG_IXGB=m
++ CONFIG_IXGBE=m
++ CONFIG_IXGBE_HWMON=y
++ CONFIG_IXGBEVF=m
++ CONFIG_I40E=m
++ CONFIG_I40EVF=m
++ CONFIG_FM10K=m
++ CONFIG_NET_VENDOR_WANGXUN=y
++ CONFIG_NGBE=m
++ CONFIG_TXGBE=m
++ CONFIG_NET_VENDOR_I825XX=y
++ CONFIG_NET_VENDOR_REALTEK=y
++ CONFIG_8139CP=m
++ CONFIG_8139TOO=y
++ CONFIG_R8169=m
++ CONFIG_R8168=m
++ CONFIG_PHYLIB=y
++ CONFIG_AQUANTIA_PHY=m
++ CONFIG_AT803X_PHY=m
++ CONFIG_AMD_PHY=m
++ CONFIG_DAVICOM_PHY=m
++ CONFIG_QSEMI_PHY=m
++ CONFIG_LXT_PHY=m
++ CONFIG_CICADA_PHY=m
++ CONFIG_VITESSE_PHY=m
++ CONFIG_TERANETICS_PHY=m
++ CONFIG_SMSC_PHY=m
++ CONFIG_BCM_NET_PHYLIB=m
++ CONFIG_BROADCOM_PHY=m
++ CONFIG_BCM7XXX_PHY=m
++ CONFIG_BCM87XX_PHY=m
++ CONFIG_ICPLUS_PHY=m
++ CONFIG_REALTEK_PHY=m
++ CONFIG_NATIONAL_PHY=m
++ CONFIG_STE10XP=m
++ CONFIG_LSI_ET1011C_PHY=m
++ CONFIG_MICREL_PHY=m
++ CONFIG_DP83848_PHY=m
++ CONFIG_DP83867_PHY=m
++ CONFIG_MICROCHIP_PHY=m
++ CONFIG_FIXED_PHY=y
++ CONFIG_MDIO_BITBANG=m
++ CONFIG_MDIO_OCTEON=m
++ CONFIG_MDIO_BCM_UNIMAC=m
++ CONFIG_PPP=m
++ CONFIG_PPP_BSDCOMP=m
++ CONFIG_PPP_DEFLATE=m
++ CONFIG_PPP_MPPE=m
++ CONFIG_PPPOE=m
++ CONFIG_PPTP=m
++ CONFIG_PPPOL2TP=m
++ CONFIG_PPP_ASYNC=m
++ CONFIG_PPP_SYNC_TTY=m
++ CONFIG_SLHC=m
++ CONFIG_USB_NET_DRIVERS=m
++ CONFIG_USB_USBNET=m
++ CONFIG_USB_NET_AX8817X=m
++ CONFIG_USB_NET_AX88179_178A=m
++ CONFIG_USB_NET_CDCETHER=m
++ CONFIG_USB_NET_CDC_NCM=m
++ CONFIG_USB_NET_NET1080=m
++ CONFIG_USB_NET_CDC_SUBSET_ENABLE=m
++ CONFIG_USB_NET_CDC_SUBSET=m
++ CONFIG_USB_BELKIN=y
++ CONFIG_USB_ARMLINUX=y
++ CONFIG_USB_NET_ZAURUS=m
++ CONFIG_WLAN=y
++ CONFIG_FIBOCOM_GOBINET=m
++ CONFIG_VMXNET3=m
++ CONFIG_INPUT=y
++ CONFIG_INPUT_KEYBOARD=y
++ CONFIG_KEYBOARD_ATKBD=y
++ CONFIG_INPUT_MISC=y
++ CONFIG_INPUT_PCSPKR=y
++ CONFIG_SERIO=y
++ CONFIG_ARCH_MIGHT_HAVE_PC_SERIO=y
++ CONFIG_SERIO_I8042=y
++ CONFIG_SERIO_SERPORT=y
++ CONFIG_SERIO_LIBPS2=y
++ CONFIG_TTY=y
++ CONFIG_VT=y
++ CONFIG_CONSOLE_TRANSLATIONS=y
++ CONFIG_VT_CONSOLE=y
++ CONFIG_HW_CONSOLE=y
++ CONFIG_VT_HW_CONSOLE_BINDING=y
++ CONFIG_UNIX98_PTYS=y
++ CONFIG_DEVPTS_MULTIPLE_INSTANCES=y
++ CONFIG_SERIAL_NONSTANDARD=y
++ CONFIG_DEVMEM=y
++ CONFIG_DEVKMEM=y
++ CONFIG_SERIAL_EARLYCON=y
++ CONFIG_SERIAL_8250=y
++ CONFIG_SERIAL_8250_PNP=y
++ CONFIG_SERIAL_8250_CONSOLE=y
++ CONFIG_SERIAL_8250_DMA=y
++ CONFIG_SERIAL_8250_PCI=y
++ CONFIG_SERIAL_8250_NR_UARTS=48
++ CONFIG_SERIAL_8250_RUNTIME_UARTS=32
++ CONFIG_SERIAL_8250_EXTENDED=y
++ CONFIG_SERIAL_8250_MANY_PORTS=y
++ CONFIG_SERIAL_8250_SHARE_IRQ=y
++ CONFIG_SERIAL_CORE=y
++ CONFIG_SERIAL_CORE_CONSOLE=y
++ CONFIG_HW_RANDOM=y
++ CONFIG_HW_RANDOM_INTEL=y
++ CONFIG_HW_RANDOM_VIRTIO=y
++ CONFIG_I2C=m
++ CONFIG_I2C_BOARDINFO=y
++ CONFIG_I2C_CHARDEV=m
++ CONFIG_I2C_SMBUS=m
++ CONFIG_I2C_ALGOBIT=m
++ CONFIG_I2C_I801=m
++ CONFIG_I2C_ISCH=m
++ CONFIG_I2C_ISMT=m
++ CONFIG_I2C_PIIX4=m
++ CONFIG_PPS=y
++ CONFIG_PTP_1588_CLOCK=y
++ CONFIG_ARCH_WANT_OPTIONAL_GPIOLIB=y
++ CONFIG_GPIOLIB=y
++ CONFIG_GPIO_DEVRES=y
++ CONFIG_GPIO_ACPI=y
++ CONFIG_GPIO_SYSFS=y
++ CONFIG_GPIO_ICH=m
++ CONFIG_GPIO_SCH=m
++ CONFIG_POWER_SUPPLY=y
++ CONFIG_POWER_RESET=y
++ CONFIG_POWER_RESET_RESTART=y
++ CONFIG_HWMON=m
++ CONFIG_SENSORS_I5500=m
++ CONFIG_SENSORS_CORETEMP=m
++ CONFIG_THERMAL=y
++ CONFIG_THERMAL_WRITABLE_TRIPS=y
++ CONFIG_THERMAL_DEFAULT_GOV_STEP_WISE=y
++ CONFIG_THERMAL_GOV_STEP_WISE=y
++ CONFIG_THERMAL_GOV_USER_SPACE=y
++ CONFIG_INTEL_POWERCLAMP=m
++ CONFIG_INTEL_SOC_DTS_IOSF_CORE=m
++ CONFIG_INTEL_SOC_DTS_THERMAL=m
++ CONFIG_INT340X_THERMAL=m
++ CONFIG_ACPI_THERMAL_REL=m
++ CONFIG_INTEL_PCH_THERMAL=m
++ CONFIG_SSB_POSSIBLE=y
++ CONFIG_BCMA_POSSIBLE=y
++ CONFIG_MFD_CORE=m
++ CONFIG_LPC_ICH=m
++ CONFIG_LPC_SCH=m
++ CONFIG_FB=y
++ CONFIG_FIRMWARE_EDID=y
++ CONFIG_FB_CMDLINE=y
++ CONFIG_VGA_CONSOLE=y
++ CONFIG_VGACON_SOFT_SCROLLBACK=y
++ CONFIG_VGACON_SOFT_SCROLLBACK_SIZE=64
++ CONFIG_DUMMY_CONSOLE=y
++ CONFIG_DUMMY_CONSOLE_COLUMNS=80
++ CONFIG_DUMMY_CONSOLE_ROWS=25
++ CONFIG_FRAMEBUFFER_CONSOLE=y
++ CONFIG_FRAMEBUFFER_CONSOLE_DETECT_PRIMARY=y
++ CONFIG_FRAMEBUFFER_CONSOLE_ROTATION=y
++ CONFIG_HID=y
++ CONFIG_HID_GENERIC=y
++ CONFIG_USB_HID=y
++ CONFIG_USB_OHCI_LITTLE_ENDIAN=y
++ CONFIG_USB_SUPPORT=y
++ CONFIG_USB_COMMON=y
++ CONFIG_USB_ARCH_HAS_HCD=y
++ CONFIG_USB=y
++ CONFIG_USB_ANNOUNCE_NEW_DEVICES=y
++ CONFIG_USB_DEFAULT_PERSIST=y
++ CONFIG_USB_DYNAMIC_MINORS=y
++ CONFIG_USB_XHCI_HCD=y
++ CONFIG_USB_XHCI_PCI=y
++ CONFIG_USB_EHCI_HCD=y
++ CONFIG_USB_EHCI_ROOT_HUB_TT=y
++ CONFIG_USB_EHCI_TT_NEWSCHED=y
++ CONFIG_USB_EHCI_PCI=y
++ CONFIG_USB_UHCI_HCD=y
++ CONFIG_USB_ACM=m
++ CONFIG_USB_STORAGE=y
++ CONFIG_USB_SERIAL=m
++ CONFIG_USB_SERIAL_GENERIC=y
++ CONFIG_USB_SERIAL_FTDI_SIO=m
++ CONFIG_USB_SERIAL_IPW=m
++ CONFIG_USB_SERIAL_WWAN=m
++ CONFIG_USB_SERIAL_OPTION=m
++ CONFIG_USB_SERIAL_OPTICON=m
++ CONFIG_EDAC_ATOMIC_SCRUB=y
++ CONFIG_EDAC_SUPPORT=y
++ CONFIG_RTC_LIB=y
++ CONFIG_RTC_CLASS=y
++ CONFIG_RTC_HCTOSYS=y
++ CONFIG_RTC_HCTOSYS_DEVICE=rtc0
++ CONFIG_RTC_SYSTOHC=y
++ CONFIG_RTC_SYSTOHC_DEVICE=rtc0
++ CONFIG_RTC_INTF_SYSFS=y
++ CONFIG_RTC_INTF_PROC=y
++ CONFIG_RTC_INTF_DEV=y
++ CONFIG_RTC_DRV_CMOS=y
++ CONFIG_DMADEVICES=y
++ CONFIG_DMA_ENGINE=y
++ CONFIG_DMA_VIRTUAL_CHANNELS=y
++ CONFIG_DMA_ACPI=y
++ CONFIG_INTEL_IDMA64=y
++ CONFIG_VIRTIO=y
++ CONFIG_VIRTIO_PCI=y
++ CONFIG_VIRTIO_PCI_LEGACY=y
++ CONFIG_VIRTIO_BALLOON=m
++ CONFIG_VIRTIO_INPUT=m
++ CONFIG_VIRTIO_MMIO=m
++ CONFIG_VIRTIO_MMIO_CMDLINE_DEVICES=y
++ CONFIG_STAGING=y
++ CONFIG_QCA_CLD_WLAN=m
++ CONFIG_QCACLD_WLAN_LFR3=y
++ CONFIG_PRIMA_WLAN_OKC=y
++ CONFIG_PRIMA_WLAN_11AC_HIGH_TP=y
++ CONFIG_WLAN_FEATURE_11W=y
++ CONFIG_WLAN_FEATURE_LPSS=y
++ CONFIG_QCOM_VOWIFI_11R=y
++ CONFIG_WLAN_FEATURE_NAN=y
++ CONFIG_WLAN_FEATURE_NAN_DATAPATH=y
++ CONFIG_QCOM_TDLS=y
++ CONFIG_QCOM_LTE_COEX=y
++ CONFIG_WLAN_SYNC_TSF=y
++ CONFIG_WLAN_OFFLOAD_PACKETS=y
++ CONFIG_QCA_WIFI_AUTOMOTIVE_CONC=y
++ CONFIG_WLAN_UDP_RESPONSE_OFFLOAD=y
++ CONFIG_WLAN_WOW_PULSE=y
++ CONFIG_DPTRACE_ENABLE=y
++ CONFIG_CLKEVT_I8253=y
++ CONFIG_I8253_LOCK=y
++ CONFIG_CLKBLD_I8253=y
++ CONFIG_RAS=y
++ CONFIG_LIBNVDIMM=y
++ CONFIG_DMI_SCAN_MACHINE_NON_EFI_FALLBACK=y
++ CONFIG_EFI_ESRT=y
++ CONFIG_EFI_RUNTIME_WRAPPERS=y
++ CONFIG_UEFI_CPER=y
++ CONFIG_DCACHE_WORD_ACCESS=y
++ CONFIG_EXT2_FS=m
++ CONFIG_EXT2_FS_XATTR=y
++ CONFIG_EXT2_FS_POSIX_ACL=y
++ CONFIG_EXT2_FS_SECURITY=y
++ CONFIG_EXT3_FS=m
++ CONFIG_EXT3_FS_POSIX_ACL=y
++ CONFIG_EXT3_FS_SECURITY=y
++ CONFIG_EXT4_FS=y
++ CONFIG_EXT4_FS_POSIX_ACL=y
++ CONFIG_EXT4_FS_SECURITY=y
++ CONFIG_EXT4_ENCRYPTION=y
++ CONFIG_EXT4_FS_ENCRYPTION=y
++ CONFIG_JBD2=y
++ CONFIG_FS_MBCACHE=y
++ CONFIG_XFS_FS=m
++ CONFIG_XFS_QUOTA=y
++ CONFIG_XFS_POSIX_ACL=y
++ CONFIG_XFS_RT=y
++ CONFIG_XFS_WARN=y
++ CONFIG_FS_POSIX_ACL=y
++ CONFIG_EXPORTFS=y
++ CONFIG_FILE_LOCKING=y
++ CONFIG_FSNOTIFY=y
++ CONFIG_DNOTIFY=y
++ CONFIG_INOTIFY_USER=y
++ CONFIG_FANOTIFY=y
++ CONFIG_QUOTA=y
++ CONFIG_QUOTACTL=y
++ CONFIG_QUOTACTL_COMPAT=y
++ CONFIG_FUSE_FS=m
++ CONFIG_CUSE=m
++ CONFIG_OVERLAY_FS=m
++ CONFIG_FSCACHE=m
++ CONFIG_ISO9660_FS=m
++ CONFIG_JOLIET=y
++ CONFIG_ZISOFS=y
++ CONFIG_UDF_FS=m
++ CONFIG_UDF_NLS=y
++ CONFIG_FAT_FS=m
++ CONFIG_VFAT_FS=m
++ CONFIG_FAT_DEFAULT_CODEPAGE=936
++ CONFIG_FAT_DEFAULT_IOCHARSET=iso8859-1
++ CONFIG_NTFS_FS=m
++ CONFIG_NTFS_RW=y
++ CONFIG_PROC_FS=y
++ CONFIG_PROC_KCORE=y
++ CONFIG_PROC_VMCORE=y
++ CONFIG_PROC_SYSCTL=y
++ CONFIG_PROC_PAGE_MONITOR=y
++ CONFIG_PROC_CHILDREN=y
++ CONFIG_KERNFS=y
++ CONFIG_SYSFS=y
++ CONFIG_TMPFS=y
++ CONFIG_TMPFS_POSIX_ACL=y
++ CONFIG_TMPFS_XATTR=y
++ CONFIG_HUGETLBFS=y
++ CONFIG_HUGETLB_PAGE=y
++ CONFIG_CONFIGFS_FS=m
++ CONFIG_EFIVAR_FS=m
++ CONFIG_MISC_FILESYSTEMS=y
++ CONFIG_PSTORE=y
++ CONFIG_NETWORK_FILESYSTEMS=y
++ CONFIG_NFS_FS=m
++ CONFIG_NFS_V2=m
++ CONFIG_NFS_V3=m
++ CONFIG_NFS_V3_ACL=y
++ CONFIG_NFS_V4=m
++ CONFIG_NFS_SWAP=y
++ CONFIG_NFS_V4_1=y
++ CONFIG_NFS_V4_2=y
++ CONFIG_PNFS_FILE_LAYOUT=m
++ CONFIG_PNFS_FLEXFILE_LAYOUT=m
++ CONFIG_NFS_V4_1_IMPLEMENTATION_ID_DOMAIN=kernel.org
++ CONFIG_NFS_USE_KERNEL_DNS=y
++ CONFIG_NFSD=m
++ CONFIG_NFSD_V2_ACL=y
++ CONFIG_NFSD_V3=y
++ CONFIG_NFSD_V3_ACL=y
++ CONFIG_NFSD_V4=y
++ CONFIG_NFSD_PNFS=y
++ CONFIG_GRACE_PERIOD=m
++ CONFIG_LOCKD=m
++ CONFIG_LOCKD_V4=y
++ CONFIG_NFS_ACL_SUPPORT=m
++ CONFIG_NFS_COMMON=y
++ CONFIG_SUNRPC=m
++ CONFIG_SUNRPC_GSS=m
++ CONFIG_SUNRPC_BACKCHANNEL=y
++ CONFIG_SUNRPC_SWAP=y
++ CONFIG_RPCSEC_GSS_KRB5=m
++ CONFIG_CIFS=m
++ CONFIG_CIFS_STATS=y
++ CONFIG_CIFS_STATS2=y
++ CONFIG_CIFS_WEAK_PW_HASH=y
++ CONFIG_CIFS_XATTR=y
++ CONFIG_CIFS_POSIX=y
++ CONFIG_CIFS_ACL=y
++ CONFIG_CIFS_DEBUG=y
++ CONFIG_CIFS_DFS_UPCALL=y
++ CONFIG_CIFS_SMB2=y
++ CONFIG_CIFS_SMB311=y
++ CONFIG_CIFS_FSCACHE=y
++ CONFIG_NLS=y
++ CONFIG_NLS_DEFAULT=utf8
++ CONFIG_NLS_CODEPAGE_437=m
++ CONFIG_NLS_CODEPAGE_936=m
++ CONFIG_NLS_ISO8859_1=m
++ CONFIG_NLS_UTF8=m
++ CONFIG_TRACE_IRQFLAGS_SUPPORT=y
++ CONFIG_MESSAGE_LOGLEVEL_DEFAULT=4
++ CONFIG_DEBUG_INFO=y
++ CONFIG_FRAME_WARN=1024
++ CONFIG_STRIP_ASM_SYMS=y
++ CONFIG_UNUSED_SYMBOLS=y
++ CONFIG_DEBUG_FS=y
++ CONFIG_SECTION_MISMATCH_WARN_ONLY=y
++ CONFIG_ARCH_WANT_FRAME_POINTERS=y
++ CONFIG_DEBUG_KERNEL=y
++ CONFIG_HAVE_DEBUG_KMEMLEAK=y
++ CONFIG_HAVE_DEBUG_STACKOVERFLOW=y
++ CONFIG_HAVE_ARCH_KMEMCHECK=y
++ CONFIG_HAVE_ARCH_KASAN=y
++ CONFIG_PANIC_ON_OOPS=y
++ CONFIG_PANIC_ON_OOPS_VALUE=1
++ CONFIG_PANIC_TIMEOUT=30
++ CONFIG_SCHED_INFO=y
++ CONFIG_STACKTRACE=y
++ CONFIG_RCU_CPU_STALL_TIMEOUT=60
++ CONFIG_ARCH_HAS_DEBUG_STRICT_USER_COPY_CHECKS=y
++ CONFIG_USER_STACKTRACE_SUPPORT=y
++ CONFIG_NOP_TRACER=y
++ CONFIG_HAVE_FUNCTION_TRACER=y
++ CONFIG_HAVE_FUNCTION_GRAPH_TRACER=y
++ CONFIG_HAVE_FUNCTION_GRAPH_FP_TEST=y
++ CONFIG_HAVE_DYNAMIC_FTRACE=y
++ CONFIG_HAVE_DYNAMIC_FTRACE_WITH_REGS=y
++ CONFIG_HAVE_FTRACE_MCOUNT_RECORD=y
++ CONFIG_HAVE_SYSCALL_TRACEPOINTS=y
++ CONFIG_HAVE_FENTRY=y
++ CONFIG_HAVE_C_RECORDMCOUNT=y
++ CONFIG_TRACE_CLOCK=y
++ CONFIG_RING_BUFFER=y
++ CONFIG_EVENT_TRACING=y
++ CONFIG_CONTEXT_SWITCH_TRACER=y
++ CONFIG_RING_BUFFER_ALLOW_SWAP=y
++ CONFIG_TRACING=y
++ CONFIG_GENERIC_TRACER=y
++ CONFIG_TRACING_SUPPORT=y
++ CONFIG_FTRACE=y
++ CONFIG_FUNCTION_TRACER=y
++ CONFIG_FUNCTION_GRAPH_TRACER=y
++ CONFIG_BRANCH_PROFILE_NONE=y
++ CONFIG_KPROBE_EVENT=y
++ CONFIG_BPF_EVENTS=y
++ CONFIG_PROBE_EVENTS=y
++ CONFIG_DYNAMIC_FTRACE=y
++ CONFIG_DYNAMIC_FTRACE_WITH_REGS=y
++ CONFIG_FTRACE_MCOUNT_RECORD=y
++ CONFIG_KPROBES_SANITY_TEST=y
++ CONFIG_HAVE_ARCH_KGDB=y
++ CONFIG_EARLY_PRINTK=y
++ CONFIG_HAVE_MMIOTRACE_SUPPORT=y
++ CONFIG_IO_DELAY_TYPE_0X80=0
++ CONFIG_IO_DELAY_TYPE_0XED=1
++ CONFIG_IO_DELAY_TYPE_UDELAY=2
++ CONFIG_IO_DELAY_TYPE_NONE=3
++ CONFIG_IO_DELAY_0XED=y
++ CONFIG_DEFAULT_IO_DELAY_TYPE=1
++ CONFIG_KEYS=y
++ CONFIG_KEYS_COMPAT=y
++ CONFIG_ENCRYPTED_KEYS=y
++ CONFIG_DEFAULT_SECURITY_DAC=y
++ CONFIG_DEFAULT_SECURITY=
++ CONFIG_CRYPTO=y
++ CONFIG_CRYPTO_ALGAPI=y
++ CONFIG_CRYPTO_ALGAPI2=y
++ CONFIG_CRYPTO_AEAD=y
++ CONFIG_CRYPTO_AEAD2=y
++ CONFIG_CRYPTO_BLKCIPHER=y
++ CONFIG_CRYPTO_BLKCIPHER2=y
++ CONFIG_CRYPTO_HASH=y
++ CONFIG_CRYPTO_HASH2=y
++ CONFIG_CRYPTO_RNG=y
++ CONFIG_CRYPTO_RNG2=y
++ CONFIG_CRYPTO_RNG_DEFAULT=y
++ CONFIG_CRYPTO_PCOMP=m
++ CONFIG_CRYPTO_PCOMP2=y
++ CONFIG_CRYPTO_AKCIPHER2=y
++ CONFIG_CRYPTO_AKCIPHER=m
++ CONFIG_CRYPTO_RSA=m
++ CONFIG_CRYPTO_MANAGER=y
++ CONFIG_CRYPTO_MANAGER2=y
++ CONFIG_CRYPTO_MANAGER_DISABLE_TESTS=y
++ CONFIG_CRYPTO_GF128MUL=y
++ CONFIG_CRYPTO_NULL=y
++ CONFIG_CRYPTO_NULL2=y
++ CONFIG_CRYPTO_WORKQUEUE=y
++ CONFIG_CRYPTO_CRYPTD=m
++ CONFIG_CRYPTO_AUTHENC=m
++ CONFIG_CRYPTO_ABLK_HELPER=m
++ CONFIG_CRYPTO_GLUE_HELPER_X86=m
++ CONFIG_CRYPTO_CCM=m
++ CONFIG_CRYPTO_GCM=m
++ CONFIG_CRYPTO_SEQIV=y
++ CONFIG_CRYPTO_ECHAINIV=m
++ CONFIG_CRYPTO_CBC=y
++ CONFIG_CRYPTO_CTR=y
++ CONFIG_CRYPTO_CTS=y
++ CONFIG_CRYPTO_ECB=y
++ CONFIG_CRYPTO_LRW=m
++ CONFIG_CRYPTO_XTS=y
++ CONFIG_CRYPTO_CMAC=m
++ CONFIG_CRYPTO_HMAC=y
++ CONFIG_CRYPTO_XCBC=y
++ CONFIG_CRYPTO_CRC32C=y
++ CONFIG_CRYPTO_CRCT10DIF=y
++ CONFIG_CRYPTO_GHASH=m
++ CONFIG_CRYPTO_MD4=m
++ CONFIG_CRYPTO_MD5=m
++ CONFIG_CRYPTO_SHA1=m
++ CONFIG_CRYPTO_SHA1_SSSE3=m
++ CONFIG_CRYPTO_SHA256_SSSE3=m
++ CONFIG_CRYPTO_SHA512_SSSE3=m
++ CONFIG_CRYPTO_SHA256=y
++ CONFIG_CRYPTO_SHA512=m
++ CONFIG_CRYPTO_GHASH_CLMUL_NI_INTEL=m
++ CONFIG_CRYPTO_AES=y
++ CONFIG_CRYPTO_AES_X86_64=m
++ CONFIG_CRYPTO_AES_NI_INTEL=m
++ CONFIG_CRYPTO_ARC4=m
++ CONFIG_CRYPTO_DES=m
++ CONFIG_CRYPTO_DEFLATE=m
++ CONFIG_CRYPTO_ZLIB=m
++ CONFIG_CRYPTO_ANSI_CPRNG=m
++ CONFIG_CRYPTO_DRBG_MENU=y
++ CONFIG_CRYPTO_DRBG_HMAC=y
++ CONFIG_CRYPTO_DRBG=y
++ CONFIG_CRYPTO_JITTERENTROPY=y
++ CONFIG_HAVE_KVM=y
++ CONFIG_BINARY_PRINTF=y
++ CONFIG_BITREVERSE=y
++ CONFIG_RATIONAL=y
++ CONFIG_GENERIC_STRNCPY_FROM_USER=y
++ CONFIG_GENERIC_STRNLEN_USER=y
++ CONFIG_GENERIC_NET_UTILS=y
++ CONFIG_GENERIC_FIND_FIRST_BIT=y
++ CONFIG_GENERIC_PCI_IOMAP=y
++ CONFIG_GENERIC_IOMAP=y
++ CONFIG_GENERIC_IO=y
++ CONFIG_ARCH_USE_CMPXCHG_LOCKREF=y
++ CONFIG_ARCH_HAS_FAST_MULTIPLIER=y
++ CONFIG_CRC_CCITT=y
++ CONFIG_CRC16=y
++ CONFIG_CRC_T10DIF=y
++ CONFIG_CRC_ITU_T=m
++ CONFIG_CRC32=y
++ CONFIG_CRC32_SLICEBY8=y
++ CONFIG_LIBCRC32C=m
++ CONFIG_ZLIB_INFLATE=y
++ CONFIG_ZLIB_DEFLATE=y
++ CONFIG_XZ_DEC=y
++ CONFIG_DECOMPRESS_LZMA=y
++ CONFIG_GENERIC_ALLOCATOR=y
++ CONFIG_TEXTSEARCH=y
++ CONFIG_TEXTSEARCH_KMP=m
++ CONFIG_TEXTSEARCH_BM=m
++ CONFIG_TEXTSEARCH_FSM=m
++ CONFIG_ASSOCIATIVE_ARRAY=y
++ CONFIG_HAS_IOMEM=y
++ CONFIG_HAS_IOPORT_MAP=y
++ CONFIG_HAS_DMA=y
++ CONFIG_CHECK_SIGNATURE=y
++ CONFIG_CPU_RMAP=y
++ CONFIG_DQL=y
++ CONFIG_GLOB=y
++ CONFIG_NLATTR=y
++ CONFIG_ARCH_HAS_ATOMIC64_DEC_IF_POSITIVE=y
++ CONFIG_CLZ_TAB=y
++ CONFIG_MPILIB=m
++ CONFIG_OID_REGISTRY=m
++ CONFIG_UCS2_STRING=y
++ CONFIG_FONT_SUPPORT=y
++ CONFIG_FONT_8x8=y
++ CONFIG_FONT_8x16=y
++ CONFIG_ARCH_HAS_SG_CHAIN=y
++ CONFIG_ARCH_HAS_PMEM_API=y
++ CONFIG_ARCH_HAS_MMIO_FLUSH=y
+ [[ -z y ]]
+ KPATCH_LDFLAGS=
+ USE_KLP=0
+ USE_KLP_ARCH=0
+ [[ -n y ]]
+ kernel_is_rhel
+ [[ 4.4.155-fwOS+ =~ \.el[789] ]]
+ kernel_version_gte 4.9.0
++ echo -e '4.4.155\n4.9.0'
++ sort -rV
++ head -n1
+ '[' 4.4.155 = 4.9.0 ']'
+ echo 'WARNING: Use of kpatch core module (kpatch.ko) is deprecated!  There may be bugs!'
WARNING: Use of kpatch core module (kpatch.ko) is deprecated!  There may be bugs!
+ find_core_symvers
+ SYMVERSFILE=
+ [[ -n /home/yuchao/workspace/blade/trunk_newkernel/platform/kernel.NEW-x86 ]]
+ [[ -f /home/yuchao/workspace/blade/trunk_newkernel/platform/kernel.NEW-x86/Module.symvers ]]
+ SYMVERSFILE=/home/yuchao/workspace/blade/trunk_newkernel/platform/kernel.NEW-x86/Module.symvers
+ [[ -e /home/yuchao/workspace/blade/trunk_newkernel/platform/kernel.NEW-x86/Module.symvers ]]
+ KBUILD_EXTRA_SYMBOLS=/home/yuchao/workspace/blade/trunk_newkernel/platform/kernel.NEW-x86/Module.symvers
+ [[ -n '' ]]
+ [[ -n '' ]]
+ [[ -n '' ]]
+ [[ -n '' ]]
+ [[ -n '' ]]
+ [[ 1 -eq 0 ]]
+ echo 'Testing patch file(s)'
Testing patch file(s)
+ cd /home/yuchao/workspace/blade/trunk_newkernel/platform/kernel.NEW-x86
+ verify_patch_files
+ local path
+ local dir
+ local ret=0
+ for patch in "${PATCH_LIST[@]}"
++ lsdiff /home/yuchao/workspace/blade/trunk_newkernel/platform/kernel.NEW-x86/svn_diff.patch
+ for path in $(lsdiff "$patch" 2>/dev/null)
++ dirname net/ipv4/ip_input.c
+ dir=net/ipv4
+ ext=c
+ [[ net/ipv4 =~ ^lib$ ]]
+ [[ net/ipv4 =~ ^lib/ ]]
+ [[ c == \S ]]
+ [[ 0 == 1 ]]
+ apply_patches
+ local patch
+ for patch in "${PATCH_LIST[@]}"
+ patch -N -p0 --dry-run
+ logger
+ local to_stdout=0
+ [[ 1 -ge 2 ]]
+ [[ 0 -eq 1 ]]
+ cat
+ patch -N -p0
+ logger
+ local to_stdout=0
+ [[ 1 -ge 2 ]]
+ [[ 0 -eq 1 ]]
+ cat
+ ((  APPLIED_PATCHES++  ))
+ remove_patches
+ local patch
+ local idx
+ (( 1 ))
+ (( APPLIED_PATCHES>0 ))
+ idx=0
+ patch=/home/yuchao/workspace/blade/trunk_newkernel/platform/kernel.NEW-x86/svn_diff.patch
+ patch -p0 -R -d /home/yuchao/workspace/blade/trunk_newkernel/platform/kernel.NEW-x86
+ (( APPLIED_PATCHES--  ))
+ (( APPLIED_PATCHES>0 ))
+ [[ -d /home/yuchao/workspace/blade/trunk_newkernel/platform/kernel.NEW-x86/.git ]]
+ cp -LR /usr/local/share/kpatch/patch /home/yuchao/.kpatch/tmp
+ [[ x86_64 = \p\p\c\6\4\l\e ]]
+ export 'KCFLAGS=-I/usr/local/share/kpatch/patch -ffunction-sections -fdata-sections 		 '
+ KCFLAGS='-I/usr/local/share/kpatch/patch -ffunction-sections -fdata-sections 		 '
+ echo 'Reading special section data'
Reading special section data
+ find_special_section_data
+ local -A check
+ check[b]=true
+ check[e]=true
+ [[ x86_64 = \x\8\6\_\6\4 ]]
+ check[a]=true
+ kernel_version_gte 5.10.0
++ echo -e '4.4.155\n5.10.0'
++ sort -rV
++ head -n1
+ '[' 4.4.155 = 5.10.0 ']'
+ [[ -n '' ]]
+ [[ -n y ]]
+ check[j]=true
+ [[ -n '' ]]
+ [[ -n '' ]]
+ local c AWK_OPTIONS
+ for c in "${!check[@]}"
+ AWK_OPTIONS+=' -vcheck_a=1'
+ for c in "${!check[@]}"
+ AWK_OPTIONS+=' -vcheck_b=1'
+ for c in "${!check[@]}"
+ AWK_OPTIONS+=' -vcheck_e=1'
+ for c in "${!check[@]}"
+ AWK_OPTIONS+=' -vcheck_j=1'
+ local SPECIAL_VARS
++ x86_64-fwbox-linux-readelf -wi /home/yuchao/.kpatch/tmp/vmlinux
++ gawk --non-decimal-data -vcheck_a=1 -vcheck_b=1 -vcheck_e=1 -vcheck_j=1 '
		BEGIN { a = b = e = f = i = j = o = p = s = 0 }

		# Set state if name matches
		check_a && a == 0 && /DW_AT_name.* alt_instr[[:space:]]*$/ {a = 1; next}
		check_b && b == 0 && /DW_AT_name.* bug_entry[[:space:]]*$/ {b = 1; next}
		check_e && e == 0 && /DW_AT_name.* exception_table_entry[[:space:]]*$/ {e = 1; next}
		check_f && f == 0 && /DW_AT_name.* fixup_entry[[:space:]]*$/ {f = 1; next}
		check_i && i == 0 && /DW_AT_name.* pi_entry[[:space:]]*$/ {i = 1; next}
		check_j && j == 0 && /DW_AT_name.* jump_entry[[:space:]]*$/ {j = 1; next}
		check_o && o == 0 && /DW_AT_name.* orc_entry[[:space:]]*$/ {o = 1; next}
		check_p && p == 0 && /DW_AT_name.* paravirt_patch_site[[:space:]]*$/ {p = 1; next}
		check_s && s == 0 && /DW_AT_name.* static_call_site[[:space:]]*$/ {s = 1; next}

		# Reset state unless this abbrev describes the struct size
		a == 1 && !/DW_AT_byte_size/ { a = 0; next }
		b == 1 && !/DW_AT_byte_size/ { b = 0; next }
		e == 1 && !/DW_AT_byte_size/ { e = 0; next }
		f == 1 && !/DW_AT_byte_size/ { f = 0; next }
		i == 1 && !/DW_AT_byte_size/ { i = 0; next }
		j == 1 && !/DW_AT_byte_size/ { j = 0; next }
		o == 1 && !/DW_AT_byte_size/ { o = 0; next }
		p == 1 && !/DW_AT_byte_size/ { p = 0; next }
		s == 1 && !/DW_AT_byte_size/ { s = 0; next }

		# Now that we know the size, stop parsing for it
		a == 1 {printf("export ALT_STRUCT_SIZE=%d\n", $4); a = 2}
		b == 1 {printf("export BUG_STRUCT_SIZE=%d\n", $4); b = 2}
		e == 1 {printf("export EX_STRUCT_SIZE=%d\n", $4); e = 2}
		f == 1 {printf("export FIXUP_STRUCT_SIZE=%d\n", $4); f = 2}
		i == 1 {printf("export PRINTK_INDEX_STRUCT_SIZE=%d\n", $4); i = 2}
		j == 1 {printf("export JUMP_STRUCT_SIZE=%d\n", $4); j = 2}
		o == 1 {printf("export ORC_STRUCT_SIZE=%d\n", $4); o = 2}
		p == 1 {printf("export PARA_STRUCT_SIZE=%d\n", $4); p = 2}
		s == 1 {printf("export STATIC_CALL_STRUCT_SIZE=%d\n", $4); s = 2}

		# Bail out once we have everything
		(!check_a || a == 2) &&
		(!check_b || b == 2) &&
		(!check_e || e == 2) &&
		(!check_f || f == 2) &&
		(!check_i || i == 2) &&
		(!check_j || j == 2) &&
		(!check_o || o == 2) &&
		(!check_p || p == 2) &&
		(!check_s || s == 2) {exit}'
+ SPECIAL_VARS='export JUMP_STRUCT_SIZE=24
export EX_STRUCT_SIZE=8
export BUG_STRUCT_SIZE=8
export ALT_STRUCT_SIZE=13'
+ [[ -n export JUMP_STRUCT_SIZE=24
export EX_STRUCT_SIZE=8
export BUG_STRUCT_SIZE=8
export ALT_STRUCT_SIZE=13 ]]
+ eval 'export JUMP_STRUCT_SIZE=24
export EX_STRUCT_SIZE=8
export BUG_STRUCT_SIZE=8
export ALT_STRUCT_SIZE=13'
++ export JUMP_STRUCT_SIZE=24
++ JUMP_STRUCT_SIZE=24
++ export EX_STRUCT_SIZE=8
++ EX_STRUCT_SIZE=8
++ export BUG_STRUCT_SIZE=8
++ BUG_STRUCT_SIZE=8
++ export ALT_STRUCT_SIZE=13
++ ALT_STRUCT_SIZE=13
+ [[ -n true ]]
+ [[ -z 13 ]]
+ [[ -n true ]]
+ [[ -z 8 ]]
+ [[ -n true ]]
+ [[ -z 8 ]]
+ [[ -n '' ]]
+ [[ -n '' ]]
+ [[ -n true ]]
+ [[ -z 24 ]]
+ [[ -n '' ]]
+ [[ -n '' ]]
+ [[ -n '' ]]
+ save_env
+ export -p
+ grep -wv -e OLDPWD= -e PWD=
+ return
+ [[ 1 -ge 4 ]]
+ save_env
+ export -p
+ grep -wv -e OLDPWD= -e PWD=
+ echo 'Building original source'
Building original source
+ [[ -n '' ]]
+ ./scripts/setlocalversion --save-scmversion
+ unset KPATCH_GCC_TEMPDIR
+ KPATCH_CC_PREFIX='/usr/local/libexec/kpatch/kpatch-cc '
+ declare -a MAKEVARS
+ [[ -n '' ]]
+ MAKEVARS+=("CC=${KPATCH_CC_PREFIX}${GCC}")
+ [[ -n '' ]]
+ MAKEVARS+=("LD=${KPATCH_CC_PREFIX}${LD}")
+ logger
+ make 'CC=/usr/local/libexec/kpatch/kpatch-cc x86_64-fwbox-linux-gcc' 'LD=/usr/local/libexec/kpatch/kpatch-cc x86_64-fwbox-linux-ld' -j8 vmlinux
+ local to_stdout=0
+ [[ 1 -ge 2 ]]
+ [[ 0 -eq 1 ]]
+ cat
+ cp -f /home/yuchao/workspace/blade/trunk_newkernel/platform/kernel.NEW-x86/Module.symvers /home/yuchao/.kpatch/tmp/Module.symvers
+ echo 'Building patched source'
Building patched source
+ apply_patches
+ local patch
+ for patch in "${PATCH_LIST[@]}"
+ patch -N -p0 --dry-run
+ logger
+ local to_stdout=0
+ [[ 1 -ge 2 ]]
+ [[ 0 -eq 1 ]]
+ cat
+ patch -N -p0
+ logger
+ local to_stdout=0
+ [[ 1 -ge 2 ]]
+ [[ 0 -eq 1 ]]
+ cat
+ ((  APPLIED_PATCHES++  ))
+ mkdir -p /home/yuchao/.kpatch/tmp/orig /home/yuchao/.kpatch/tmp/patched
+ export KPATCH_GCC_TEMPDIR=/home/yuchao/.kpatch/tmp
+ KPATCH_GCC_TEMPDIR=/home/yuchao/.kpatch/tmp
+ export KPATCH_GCC_SRCDIR=/home/yuchao/workspace/blade/trunk_newkernel/platform/kernel.NEW-x86
+ KPATCH_GCC_SRCDIR=/home/yuchao/workspace/blade/trunk_newkernel/platform/kernel.NEW-x86
+ save_env
+ export -p
+ grep -wv -e OLDPWD= -e PWD=
+ logger
+ KBUILD_MODPOST_WARN=1
+ make 'CC=/usr/local/libexec/kpatch/kpatch-cc x86_64-fwbox-linux-gcc' 'LD=/usr/local/libexec/kpatch/kpatch-cc x86_64-fwbox-linux-ld' -j8 vmlinux
+ local to_stdout=0
+ [[ 1 -ge 2 ]]
+ [[ 0 -eq 1 ]]
+ cat
+ grep 'undefined reference' /home/yuchao/.kpatch/build.log
+ sed -r 's/^.*`(.*)'\''$/\1/'
+ grep 'undefined!' /home/yuchao/.kpatch/build.log
+ cut '-d"' -f2
+ [[ ! -e /home/yuchao/.kpatch/tmp/changed_objs ]]
+ grep -q vmlinux /home/yuchao/workspace/blade/trunk_newkernel/platform/kernel.NEW-x86/Module.symvers
+ [[ -n '' ]]
++ cat /home/yuchao/.kpatch/tmp/changed_objs
+ for i in $(cat "$TEMPDIR/changed_objs")
++ dirname net/ipv4/ip_input.o
+ mkdir -p /home/yuchao/.kpatch/tmp/patched/net/ipv4
+ cp -f /home/yuchao/workspace/blade/trunk_newkernel/platform/kernel.NEW-x86/net/ipv4/ip_input.o /home/yuchao/.kpatch/tmp/patched/net/ipv4/ip_input.o
+ echo 'Extracting new and modified ELF sections'
Extracting new and modified ELF sections
+ [[ -z ip_rcv ]]
++ cat /home/yuchao/.kpatch/tmp/changed_objs
+ FILES=net/ipv4/ip_input.o
+ cd /home/yuchao/.kpatch/tmp
+ mkdir output
+ declare -a objnames
+ CHANGED=0
+ ERROR=0
+ [[ -n '' ]]
+ for i in $FILES
+ [[ '' = rhel ]]
+ [[ '' = centos ]]
+ [[ '' = ol ]]
+ [[ net/ipv4/ip_input.o = usr/initramfs_data.o ]]
++ dirname net/ipv4/ip_input.o
+ mkdir -p output/net/ipv4
+ cd /home/yuchao/workspace/blade/trunk_newkernel/platform/kernel.NEW-x86
+ find_kobj net/ipv4/ip_input.o
+ arg=net/ipv4/ip_input.o
+ KOBJFILE=net/ipv4/ip_input.o
+ DEEP_FIND=0
+ ERROR_IF_DIFF=
+ true
+ find_parent_obj net/ipv4/ip_input.o
++ dirname net/ipv4/ip_input.o
+ dir=net/ipv4
++ readlink -f net/ipv4
+ absdir=/home/yuchao/workspace/blade/trunk_newkernel/platform/kernel.NEW-x86/net/ipv4
++ readlink -f .
+ pwddir=/home/yuchao/workspace/blade/trunk_newkernel/platform/kernel.NEW-x86
+ pdir=net/ipv4
++ basename net/ipv4/ip_input.o
+ file=ip_input.o
+ grepname=net/ipv4/ip_input
+ grepname='net/ipv4/ip_input\.o'
+ [[ 0 -eq 1 ]]
++ filter_parent_obj net/ipv4 ip_input.o
++ head -n1
++ local dir=net/ipv4
++ local file=ip_input.o
++ grep -v '\.mod\.cmd$'
++ grep -Fv net/ipv4/.ip_input.o.cmd
++ grep -lw 'net/ipv4/ip_input\.o' net/ipv4/.af_inet.o.cmd net/ipv4/.ah4.ko.cmd net/ipv4/.ah4.mod.o.cmd net/ipv4/.ah4.o.cmd net/ipv4/.arp.o.cmd net/ipv4/.built-in.o.cmd net/ipv4/.datagram.o.cmd net/ipv4/.devinet.o.cmd net/ipv4/.esp4.ko.cmd net/ipv4/.esp4.mod.o.cmd net/ipv4/.esp4.o.cmd net/ipv4/.fib_frontend.o.cmd net/ipv4/.fib_rules.o.cmd net/ipv4/.fib_semantics.o.cmd net/ipv4/.fib_trie.o.cmd net/ipv4/.gre_demux.o.cmd net/ipv4/.gre.ko.cmd net/ipv4/.gre.mod.o.cmd net/ipv4/.gre.o.cmd net/ipv4/.gre_offload.o.cmd net/ipv4/.icmp.o.cmd net/ipv4/.igmp.o.cmd net/ipv4/.inet_connection_sock.o.cmd net/ipv4/.inet_diag.ko.cmd net/ipv4/.inet_diag.mod.o.cmd net/ipv4/.inet_diag.o.cmd net/ipv4/.inet_fragment.o.cmd net/ipv4/.inet_hashtables.o.cmd net/ipv4/.inet_lro.ko.cmd net/ipv4/.inet_lro.mod.o.cmd net/ipv4/.inet_lro.o.cmd net/ipv4/.inetpeer.o.cmd net/ipv4/.inet_timewait_sock.o.cmd net/ipv4/.ipcomp.ko.cmd net/ipv4/.ipcomp.mod.o.cmd net/ipv4/.ipcomp.o.cmd net/ipv4/.ip_forward.o.cmd net/ipv4/.ip_fragment.o.cmd net/ipv4/.ip_gre.ko.cmd net/ipv4/.ip_gre.mod.o.cmd net/ipv4/.ip_gre.o.cmd net/ipv4/.ip_input.o.cmd net/ipv4/.ipip.ko.cmd net/ipv4/.ipip.mod.o.cmd net/ipv4/.ipip.o.cmd net/ipv4/.ipmr.o.cmd net/ipv4/.ip_options.o.cmd net/ipv4/.ip_output.o.cmd net/ipv4/.ipsec_fastpath.ko.cmd net/ipv4/.ipsec_fastpath.mod.o.cmd net/ipv4/.ipsec_fastpath.o.cmd net/ipv4/.ip_sockglue.o.cmd net/ipv4/.ip_tunnel_core.o.cmd net/ipv4/.ip_tunnel.ko.cmd net/ipv4/.ip_tunnel.mod.o.cmd net/ipv4/.ip_tunnel.o.cmd net/ipv4/.netfilter.o.cmd net/ipv4/.ping.o.cmd net/ipv4/.proc.o.cmd net/ipv4/.protocol.o.cmd net/ipv4/.raw.o.cmd net/ipv4/.route.o.cmd net/ipv4/.syncookies.o.cmd net/ipv4/.sysctl_net_ipv4.o.cmd net/ipv4/.tcp_cong.o.cmd net/ipv4/.tcp_cubic.o.cmd net/ipv4/.tcp_diag.ko.cmd net/ipv4/.tcp_diag.mod.o.cmd net/ipv4/.tcp_diag.o.cmd net/ipv4/.tcp_fastopen.o.cmd net/ipv4/.tcp_input.o.cmd net/ipv4/.tcp_ipv4.o.cmd net/ipv4/.tcp_memcontrol.o.cmd net/ipv4/.tcp_metrics.o.cmd net/ipv4/.tcp_minisocks.o.cmd net/ipv4/.tcp.o.cmd net/ipv4/.tcp_offload.o.cmd net/ipv4/.tcp_output.o.cmd net/ipv4/.tcp_recovery.o.cmd net/ipv4/.tcp_timer.o.cmd net/ipv4/.tunnel4.ko.cmd net/ipv4/.tunnel4.mod.o.cmd net/ipv4/.tunnel4.o.cmd net/ipv4/.udp_diag.ko.cmd net/ipv4/.udp_diag.mod.o.cmd net/ipv4/.udp_diag.o.cmd net/ipv4/.udplite.o.cmd net/ipv4/.udp.o.cmd net/ipv4/.udp_offload.o.cmd net/ipv4/.udp_tunnel.ko.cmd net/ipv4/.udp_tunnel.mod.o.cmd net/ipv4/.udp_tunnel.o.cmd net/ipv4/.xfrm4_input.o.cmd net/ipv4/.xfrm4_mode_beet.ko.cmd net/ipv4/.xfrm4_mode_beet.mod.o.cmd net/ipv4/.xfrm4_mode_beet.o.cmd net/ipv4/.xfrm4_mode_transport.ko.cmd net/ipv4/.xfrm4_mode_transport.mod.o.cmd net/ipv4/.xfrm4_mode_transport.o.cmd net/ipv4/.xfrm4_mode_tunnel.ko.cmd net/ipv4/.xfrm4_mode_tunnel.mod.o.cmd net/ipv4/.xfrm4_mode_tunnel.o.cmd net/ipv4/.xfrm4_output.o.cmd net/ipv4/.xfrm4_policy.o.cmd net/ipv4/.xfrm4_protocol.o.cmd net/ipv4/.xfrm4_state.o.cmd net/ipv4/.xfrm4_tunnel.ko.cmd net/ipv4/.xfrm4_tunnel.mod.o.cmd net/ipv4/.xfrm4_tunnel.o.cmd
+ parent=net/ipv4/.built-in.o.cmd
++ filter_parent_obj net/ipv4 ip_input.o
++ local dir=net/ipv4
++ local file=ip_input.o
++ wc -l
++ grep -v '\.mod\.cmd$'
++ grep -Fv net/ipv4/.ip_input.o.cmd
++ grep -lw 'net/ipv4/ip_input\.o' net/ipv4/.af_inet.o.cmd net/ipv4/.ah4.ko.cmd net/ipv4/.ah4.mod.o.cmd net/ipv4/.ah4.o.cmd net/ipv4/.arp.o.cmd net/ipv4/.built-in.o.cmd net/ipv4/.datagram.o.cmd net/ipv4/.devinet.o.cmd net/ipv4/.esp4.ko.cmd net/ipv4/.esp4.mod.o.cmd net/ipv4/.esp4.o.cmd net/ipv4/.fib_frontend.o.cmd net/ipv4/.fib_rules.o.cmd net/ipv4/.fib_semantics.o.cmd net/ipv4/.fib_trie.o.cmd net/ipv4/.gre_demux.o.cmd net/ipv4/.gre.ko.cmd net/ipv4/.gre.mod.o.cmd net/ipv4/.gre.o.cmd net/ipv4/.gre_offload.o.cmd net/ipv4/.icmp.o.cmd net/ipv4/.igmp.o.cmd net/ipv4/.inet_connection_sock.o.cmd net/ipv4/.inet_diag.ko.cmd net/ipv4/.inet_diag.mod.o.cmd net/ipv4/.inet_diag.o.cmd net/ipv4/.inet_fragment.o.cmd net/ipv4/.inet_hashtables.o.cmd net/ipv4/.inet_lro.ko.cmd net/ipv4/.inet_lro.mod.o.cmd net/ipv4/.inet_lro.o.cmd net/ipv4/.inetpeer.o.cmd net/ipv4/.inet_timewait_sock.o.cmd net/ipv4/.ipcomp.ko.cmd net/ipv4/.ipcomp.mod.o.cmd net/ipv4/.ipcomp.o.cmd net/ipv4/.ip_forward.o.cmd net/ipv4/.ip_fragment.o.cmd net/ipv4/.ip_gre.ko.cmd net/ipv4/.ip_gre.mod.o.cmd net/ipv4/.ip_gre.o.cmd net/ipv4/.ip_input.o.cmd net/ipv4/.ipip.ko.cmd net/ipv4/.ipip.mod.o.cmd net/ipv4/.ipip.o.cmd net/ipv4/.ipmr.o.cmd net/ipv4/.ip_options.o.cmd net/ipv4/.ip_output.o.cmd net/ipv4/.ipsec_fastpath.ko.cmd net/ipv4/.ipsec_fastpath.mod.o.cmd net/ipv4/.ipsec_fastpath.o.cmd net/ipv4/.ip_sockglue.o.cmd net/ipv4/.ip_tunnel_core.o.cmd net/ipv4/.ip_tunnel.ko.cmd net/ipv4/.ip_tunnel.mod.o.cmd net/ipv4/.ip_tunnel.o.cmd net/ipv4/.netfilter.o.cmd net/ipv4/.ping.o.cmd net/ipv4/.proc.o.cmd net/ipv4/.protocol.o.cmd net/ipv4/.raw.o.cmd net/ipv4/.route.o.cmd net/ipv4/.syncookies.o.cmd net/ipv4/.sysctl_net_ipv4.o.cmd net/ipv4/.tcp_cong.o.cmd net/ipv4/.tcp_cubic.o.cmd net/ipv4/.tcp_diag.ko.cmd net/ipv4/.tcp_diag.mod.o.cmd net/ipv4/.tcp_diag.o.cmd net/ipv4/.tcp_fastopen.o.cmd net/ipv4/.tcp_input.o.cmd net/ipv4/.tcp_ipv4.o.cmd net/ipv4/.tcp_memcontrol.o.cmd net/ipv4/.tcp_metrics.o.cmd net/ipv4/.tcp_minisocks.o.cmd net/ipv4/.tcp.o.cmd net/ipv4/.tcp_offload.o.cmd net/ipv4/.tcp_output.o.cmd net/ipv4/.tcp_recovery.o.cmd net/ipv4/.tcp_timer.o.cmd net/ipv4/.tunnel4.ko.cmd net/ipv4/.tunnel4.mod.o.cmd net/ipv4/.tunnel4.o.cmd net/ipv4/.udp_diag.ko.cmd net/ipv4/.udp_diag.mod.o.cmd net/ipv4/.udp_diag.o.cmd net/ipv4/.udplite.o.cmd net/ipv4/.udp.o.cmd net/ipv4/.udp_offload.o.cmd net/ipv4/.udp_tunnel.ko.cmd net/ipv4/.udp_tunnel.mod.o.cmd net/ipv4/.udp_tunnel.o.cmd net/ipv4/.xfrm4_input.o.cmd net/ipv4/.xfrm4_mode_beet.ko.cmd net/ipv4/.xfrm4_mode_beet.mod.o.cmd net/ipv4/.xfrm4_mode_beet.o.cmd net/ipv4/.xfrm4_mode_transport.ko.cmd net/ipv4/.xfrm4_mode_transport.mod.o.cmd net/ipv4/.xfrm4_mode_transport.o.cmd net/ipv4/.xfrm4_mode_tunnel.ko.cmd net/ipv4/.xfrm4_mode_tunnel.mod.o.cmd net/ipv4/.xfrm4_mode_tunnel.o.cmd net/ipv4/.xfrm4_output.o.cmd net/ipv4/.xfrm4_policy.o.cmd net/ipv4/.xfrm4_protocol.o.cmd net/ipv4/.xfrm4_state.o.cmd net/ipv4/.xfrm4_tunnel.ko.cmd net/ipv4/.xfrm4_tunnel.mod.o.cmd net/ipv4/.xfrm4_tunnel.o.cmd
+ num=1
+ [[ 1 -eq 0 ]]
+ [[ 1 -gt 1 ]]
++ dirname net/ipv4/.built-in.o.cmd
+ dir=net/ipv4
++ basename net/ipv4/.built-in.o.cmd
+ PARENT=.built-in.o.cmd
+ PARENT=built-in.o.cmd
+ PARENT=built-in.o
+ [[ net/ipv4 != \. ]]
+ PARENT=net/ipv4/built-in.o
+ [[ ! -e net/ipv4/built-in.o ]]
+ [[ -n net/ipv4/built-in.o ]]
+ DEEP_FIND=0
+ [[ -z net/ipv4/built-in.o ]]
+ KOBJFILE=net/ipv4/built-in.o
+ true
+ find_parent_obj net/ipv4/built-in.o
++ dirname net/ipv4/built-in.o
+ dir=net/ipv4
++ readlink -f net/ipv4
+ absdir=/home/yuchao/workspace/blade/trunk_newkernel/platform/kernel.NEW-x86/net/ipv4
++ readlink -f .
+ pwddir=/home/yuchao/workspace/blade/trunk_newkernel/platform/kernel.NEW-x86
+ pdir=net/ipv4
++ basename net/ipv4/built-in.o
+ file=built-in.o
+ grepname=net/ipv4/built-in
+ grepname='net/ipv4/built-in\.o'
+ [[ 0 -eq 1 ]]
++ filter_parent_obj net/ipv4 built-in.o
++ local dir=net/ipv4
++ local file=built-in.o
++ head -n1
++ grep -lw 'net/ipv4/built-in\.o' net/ipv4/.af_inet.o.cmd net/ipv4/.ah4.ko.cmd net/ipv4/.ah4.mod.o.cmd net/ipv4/.ah4.o.cmd net/ipv4/.arp.o.cmd net/ipv4/.built-in.o.cmd net/ipv4/.datagram.o.cmd net/ipv4/.devinet.o.cmd net/ipv4/.esp4.ko.cmd net/ipv4/.esp4.mod.o.cmd net/ipv4/.esp4.o.cmd net/ipv4/.fib_frontend.o.cmd net/ipv4/.fib_rules.o.cmd net/ipv4/.fib_semantics.o.cmd net/ipv4/.fib_trie.o.cmd net/ipv4/.gre_demux.o.cmd net/ipv4/.gre.ko.cmd net/ipv4/.gre.mod.o.cmd net/ipv4/.gre.o.cmd net/ipv4/.gre_offload.o.cmd net/ipv4/.icmp.o.cmd net/ipv4/.igmp.o.cmd net/ipv4/.inet_connection_sock.o.cmd net/ipv4/.inet_diag.ko.cmd net/ipv4/.inet_diag.mod.o.cmd net/ipv4/.inet_diag.o.cmd net/ipv4/.inet_fragment.o.cmd net/ipv4/.inet_hashtables.o.cmd net/ipv4/.inet_lro.ko.cmd net/ipv4/.inet_lro.mod.o.cmd net/ipv4/.inet_lro.o.cmd net/ipv4/.inetpeer.o.cmd net/ipv4/.inet_timewait_sock.o.cmd net/ipv4/.ipcomp.ko.cmd net/ipv4/.ipcomp.mod.o.cmd net/ipv4/.ipcomp.o.cmd net/ipv4/.ip_forward.o.cmd net/ipv4/.ip_fragment.o.cmd net/ipv4/.ip_gre++ grep -Fv net/ipv4/.built-in.o.cmd
.ko.cmd net/ipv4/.ip_gre.mod.o.cmd net/ipv4/.ip_gre.o.cmd net/ipv4/.ip_input.o.cmd net/ipv4/.ipip.ko.cmd net/ipv4/.ipip.mod.o.cmd net/ipv4/.ipip.o.cmd net/ipv4/.ipmr.o.cmd net/ipv4/.ip_options.o.cmd net/ipv4/.ip_output.o.cmd net/ipv4/.ipsec_fastpath.ko.cmd net/ipv4/.ipsec_fastpath.mod.o.cmd net/ipv4/.ipsec_fastpath.o.cmd net/ipv4/.ip_sockglue.o.cmd net/ipv4/.ip_tunnel_core.o.cmd net/ipv4/.ip_tunnel.ko.cmd net/ipv4/.ip_tunnel.mod.o.cmd net/ipv4/.ip_tunnel.o.cmd net/ipv4/.netfilter.o.cmd net/ipv4/.ping.o.cmd net/ipv4/.proc.o.cmd net/ipv4/.protocol.o.cmd net/ipv4/.raw.o.cmd net/ipv4/.route.o.cmd net/ipv4/.syncookies.o.cmd net/ipv4/.sysctl_net_ipv4.o.cmd net/ipv4/.tcp_cong.o.cmd net/ipv4/.tcp_cubic.o.cmd net/ipv4/.tcp_diag.ko.cmd net/ipv4/.tcp_diag.mod.o.cmd net/ipv4/.tcp_diag.o.cmd net/ipv4/.tcp_fastopen.o.cmd net/ipv4/.tcp_input.o.cmd net/ipv4/.tcp_ipv4.o.cmd net/ipv4/.tcp_memcontrol.o.cmd net/ipv4/.tcp_metrics.o.cmd net/ipv4/.tcp_minisocks.o.cmd net/ipv4/.tcp.o.cmd net/ipv4/.tcp_offload.o.cmd net/ipv4/.tcp_output.o.cmd net/ipv4/.tcp_recovery.o.cmd net/ipv4/.tcp_timer.o.cmd net/ipv4/.tunnel4.ko.cmd net/ipv4/.tunnel4.mod.o.cmd net/ipv4/.tunnel4.o.cmd net/ipv4/.udp_diag.ko.cmd net/ipv4/.udp_diag.mod.o.cmd net/ipv4/.udp_diag.o.cmd net/ipv4/.udplite.o.cmd net/ipv4/.udp.o.cmd net/ipv4/.udp_offload.o.cmd net/ipv4/.udp_tunnel.ko.cmd net/ipv4/.udp_tunnel.mod.o.cmd net/ipv4/.udp_tunnel.o.cmd net/ipv4/.xfrm4_input.o.cmd net/ipv4/.xfrm4_mode_beet.ko.cmd net/ipv4/.xfrm4_mode_beet.mod.o.cmd net/ipv4/.xfrm4_mode_beet.o.cmd net/ipv4/.xfrm4_mode_transport.ko.cmd net/ipv4/.xfrm4_mode_transport.mod.o.cmd net/ipv4/.xfrm4_mode_transport.o.cmd net/ipv4/.xfrm4_mode_tunnel.ko.cmd net/ipv4/.xfrm4_mode_tunnel.mod.o.cmd net/ipv4/.xfrm4_mode_tunnel.o.cmd net/ipv4/.xfrm4_output.o.cmd net/ipv4/.xfrm4_policy.o.cmd net/ipv4/.xfrm4_protocol.o.cmd net/ipv4/.xfrm4_state.o.cmd net/ipv4/.xfrm4_tunnel.ko.cmd net/ipv4/.xfrm4_tunnel.mod.o.cmd net/ipv4/.xfrm4_tunnel.o.cmd
++ grep -v '\.mod\.cmd$'
+ parent=
++ filter_parent_obj net/ipv4 built-in.o
++ local dir=net/ipv4
++ local file=built-in.o
++ wc -l
++ grep -v '\.mod\.cmd$'
++ grep -Fv net/ipv4/.built-in.o.cmd
++ grep -lw 'net/ipv4/built-in\.o' net/ipv4/.af_inet.o.cmd net/ipv4/.ah4.ko.cmd net/ipv4/.ah4.mod.o.cmd net/ipv4/.ah4.o.cmd net/ipv4/.arp.o.cmd net/ipv4/.built-in.o.cmd net/ipv4/.datagram.o.cmd net/ipv4/.devinet.o.cmd net/ipv4/.esp4.ko.cmd net/ipv4/.esp4.mod.o.cmd net/ipv4/.esp4.o.cmd net/ipv4/.fib_frontend.o.cmd net/ipv4/.fib_rules.o.cmd net/ipv4/.fib_semantics.o.cmd net/ipv4/.fib_trie.o.cmd net/ipv4/.gre_demux.o.cmd net/ipv4/.gre.ko.cmd net/ipv4/.gre.mod.o.cmd net/ipv4/.gre.o.cmd net/ipv4/.gre_offload.o.cmd net/ipv4/.icmp.o.cmd net/ipv4/.igmp.o.cmd net/ipv4/.inet_connection_sock.o.cmd net/ipv4/.inet_diag.ko.cmd net/ipv4/.inet_diag.mod.o.cmd net/ipv4/.inet_diag.o.cmd net/ipv4/.inet_fragment.o.cmd net/ipv4/.inet_hashtables.o.cmd net/ipv4/.inet_lro.ko.cmd net/ipv4/.inet_lro.mod.o.cmd net/ipv4/.inet_lro.o.cmd net/ipv4/.inetpeer.o.cmd net/ipv4/.inet_timewait_sock.o.cmd net/ipv4/.ipcomp.ko.cmd net/ipv4/.ipcomp.mod.o.cmd net/ipv4/.ipcomp.o.cmd net/ipv4/.ip_forward.o.cmd net/ipv4/.ip_fragment.o.cmd net/ipv4/.ip_gre.ko.cmd net/ipv4/.ip_gre.mod.o.cmd net/ipv4/.ip_gre.o.cmd net/ipv4/.ip_input.o.cmd net/ipv4/.ipip.ko.cmd net/ipv4/.ipip.mod.o.cmd net/ipv4/.ipip.o.cmd net/ipv4/.ipmr.o.cmd net/ipv4/.ip_options.o.cmd net/ipv4/.ip_output.o.cmd net/ipv4/.ipsec_fastpath.ko.cmd net/ipv4/.ipsec_fastpath.mod.o.cmd net/ipv4/.ipsec_fastpath.o.cmd net/ipv4/.ip_sockglue.o.cmd net/ipv4/.ip_tunnel_core.o.cmd net/ipv4/.ip_tunnel.ko.cmd net/ipv4/.ip_tunnel.mod.o.cmd net/ipv4/.ip_tunnel.o.cmd net/ipv4/.netfilter.o.cmd net/ipv4/.ping.o.cmd net/ipv4/.proc.o.cmd net/ipv4/.protocol.o.cmd net/ipv4/.raw.o.cmd net/ipv4/.route.o.cmd net/ipv4/.syncookies.o.cmd net/ipv4/.sysctl_net_ipv4.o.cmd net/ipv4/.tcp_cong.o.cmd net/ipv4/.tcp_cubic.o.cmd net/ipv4/.tcp_diag.ko.cmd net/ipv4/.tcp_diag.mod.o.cmd net/ipv4/.tcp_diag.o.cmd net/ipv4/.tcp_fastopen.o.cmd net/ipv4/.tcp_input.o.cmd net/ipv4/.tcp_ipv4.o.cmd net/ipv4/.tcp_memcontrol.o.cmd net/ipv4/.tcp_metrics.o.cmd net/ipv4/.tcp_minisocks.o.cmd net/ipv4/.tcp.o.cmd net/ipv4/.tcp_offload.o.cmd net/ipv4/.tcp_output.o.cmd net/ipv4/.tcp_recovery.o.cmd net/ipv4/.tcp_timer.o.cmd net/ipv4/.tunnel4.ko.cmd net/ipv4/.tunnel4.mod.o.cmd net/ipv4/.tunnel4.o.cmd net/ipv4/.udp_diag.ko.cmd net/ipv4/.udp_diag.mod.o.cmd net/ipv4/.udp_diag.o.cmd net/ipv4/.udplite.o.cmd net/ipv4/.udp.o.cmd net/ipv4/.udp_offload.o.cmd net/ipv4/.udp_tunnel.ko.cmd net/ipv4/.udp_tunnel.mod.o.cmd net/ipv4/.udp_tunnel.o.cmd net/ipv4/.xfrm4_input.o.cmd net/ipv4/.xfrm4_mode_beet.ko.cmd net/ipv4/.xfrm4_mode_beet.mod.o.cmd net/ipv4/.xfrm4_mode_beet.o.cmd net/ipv4/.xfrm4_mode_transport.ko.cmd net/ipv4/.xfrm4_mode_transport.mod.o.cmd net/ipv4/.xfrm4_mode_transport.o.cmd net/ipv4/.xfrm4_mode_tunnel.ko.cmd net/ipv4/.xfrm4_mode_tunnel.mod.o.cmd net/ipv4/.xfrm4_mode_tunnel.o.cmd net/ipv4/.xfrm4_output.o.cmd net/ipv4/.xfrm4_policy.o.cmd net/ipv4/.xfrm4_protocol.o.cmd net/ipv4/.xfrm4_state.o.cmd net/ipv4/.xfrm4_tunnel.ko.cmd net/ipv4/.xfrm4_tunnel.mod.o.cmd net/ipv4/.xfrm4_tunnel.o.cmd
+ num=0
+ [[ 0 -eq 0 ]]
+ PARENT=
+ return
+ [[ -n '' ]]
+ [[ -z '' ]]
+ [[ net/ipv4/built-in.o = *.ko ]]
+ case "$KOBJFILE" in
+ KOBJFILE=vmlinux
+ return
+ cd /home/yuchao/.kpatch/tmp
+ [[ -e orig/net/ipv4/ip_input.o ]]
++ basename vmlinux
+ [[ vmlinux = vmlinux ]]
+ KOBJFILE_NAME=vmlinux
+ KOBJFILE_PATH=/home/yuchao/.kpatch/tmp/vmlinux
+ SYMTAB=/home/yuchao/.kpatch/tmp/vmlinux.symtab
+ SYMVERS_FILE=/home/yuchao/workspace/blade/trunk_newkernel/platform/kernel.NEW-x86/Module.symvers
+ x86_64-fwbox-linux-readelf -s --wide /home/yuchao/.kpatch/tmp/vmlinux
+ [[ x86_64 = \p\p\c\6\4\l\e ]]
+ /usr/local/libexec/kpatch/create-diff-object orig/net/ipv4/ip_input.o patched/net/ipv4/ip_input.o vmlinux /home/yuchao/.kpatch/tmp/vmlinux.symtab /home/yuchao/workspace/blade/trunk_newkernel/platform/kernel.NEW-x86/Module.symvers ip_rcv output/net/ipv4/ip_input.o
+ logger 1
+ local to_stdout=1
+ [[ 1 -ge 2 ]]
+ [[ 1 -eq 1 ]]
+ tee -a /home/yuchao/.kpatch/build.log
ip_input.o: changed function: ip_rcv
+ check_pipe_status create-diff-object
+ rc=0
+ [[ 0 = 139 ]]
+ [[ 0 -eq 0 ]]
+ [[ 0 -eq 0 ]]
+ [[ -n '' ]]
+ CHANGED=1
+ objnames[${#objnames[@]}]=vmlinux
+ [[ 0 -ne 0 ]]
+ [[ 1 -eq 0 ]]
+ echo -n 'Patched objects:'
Patched objects:++ echo vmlinux
++ tr ' ' '\n'
++ sort -u
++ tr '\n' ' '
+ for i in $(echo "${objnames[@]}" | tr ' ' '\n' | sort -u | tr '\n' ' ')
+ echo -n ' vmlinux'
 vmlinux+ echo

+ export 'KCFLAGS=-I/usr/local/share/kpatch/patch '
+ KCFLAGS='-I/usr/local/share/kpatch/patch '
+ [[ 0 -eq 0 ]]
+ export KCPPFLAGS=-D__KPATCH_MODULE__
+ KCPPFLAGS=-D__KPATCH_MODULE__
+ save_env
+ export -p
+ grep -wv -e OLDPWD= -e PWD=
+ echo 'Building patch module: ip_rcv.ko'
Building patch module: ip_rcv.ko
+ [[ -z /home/yuchao/workspace/blade/trunk_newkernel/platform/kernel.NEW-x86 ]]
+ cd /home/yuchao/.kpatch/tmp/output
+ logger
+ local to_stdout=0
+ [[ 1 -ge 2 ]]
+ [[ 0 -eq 1 ]]
+ cat
++ find . -name '*.o'
+ x86_64-fwbox-linux-ld -r -o ../patch/tmp_output.o ./net/ipv4/ip_input.o
+ [[ 0 -eq 1 ]]
+ md5sum ../patch/tmp_output.o
+ awk '{printf "%s\0", $1}'
+ x86_64-fwbox-linux-objcopy --add-section .kpatch.checksum=checksum.tmp --set-section-flags .kpatch.checksum=alloc,load,contents,readonly ../patch/tmp_output.o
+ rm -f checksum.tmp
+ /usr/local/libexec/kpatch/create-kpatch-module /home/yuchao/.kpatch/tmp/patch/tmp_output.o /home/yuchao/.kpatch/tmp/patch/output.o
+ logger 1
+ local to_stdout=1
+ [[ 1 -ge 2 ]]
+ [[ 1 -eq 1 ]]
+ tee -a /home/yuchao/.kpatch/build.log
+ check_pipe_status create-kpatch-module
+ rc=0
+ [[ 0 = 139 ]]
+ [[ 0 -ne 0 ]]
+ cd /home/yuchao/.kpatch/tmp/patch
+ (( idx=0 ))
+ (( idx<2 ))
+ MAKEVARS[$idx]=CC=x86_64-fwbox-linux-gcc
+ (( idx++ ))
+ (( idx<2 ))
+ MAKEVARS[$idx]=LD=x86_64-fwbox-linux-ld
+ (( idx++ ))
+ (( idx<2 ))
+ export KPATCH_BUILD=/home/yuchao/workspace/blade/trunk_newkernel/platform/kernel.NEW-x86 KPATCH_NAME=ip_rcv KBUILD_EXTRA_SYMBOLS=/home/yuchao/workspace/blade/trunk_newkernel/platform/kernel.NEW-x86/Module.symvers KPATCH_LDFLAGS= CROSS_COMPILE=x86_64-fwbox-linux-
+ KPATCH_BUILD=/home/yuchao/workspace/blade/trunk_newkernel/platform/kernel.NEW-x86
+ KPATCH_NAME=ip_rcv
+ KBUILD_EXTRA_SYMBOLS=/home/yuchao/workspace/blade/trunk_newkernel/platform/kernel.NEW-x86/Module.symvers
+ KPATCH_LDFLAGS=
+ CROSS_COMPILE=x86_64-fwbox-linux-
+ save_env
+ export -p
+ grep -wv -e OLDPWD= -e PWD=
+ make CC=x86_64-fwbox-linux-gcc LD=x86_64-fwbox-linux-ld
+ logger
+ local to_stdout=0
+ [[ 1 -ge 2 ]]
+ [[ 0 -eq 1 ]]
+ cat
+ [[ 0 -eq 1 ]]
+ [[ -n '' ]]
+ x86_64-fwbox-linux-readelf --wide --symbols /home/yuchao/.kpatch/tmp/patch/ip_rcv.ko
+ sed -r 's/\s+\[<localentry>: 8\]//'
+ awk '($4=="FUNC" || $4=="OBJECT") && ($5=="GLOBAL" || $5=="WEAK") && $7!="UND" {print $NF}'
+ [[ 0 -eq 0 ]]
+ cat
++ tr '\n' ' '
+++ sort -u /home/yuchao/.kpatch/tmp/undefined_references
++ comm -23 /dev/fd/63 /dev/fd/62
+++ sort -u /home/yuchao/.kpatch/tmp/new_symbols
+ UNDEFINED=
+ [[ -n '' ]]
+ cp -f /home/yuchao/.kpatch/tmp/patch/ip_rcv.ko /home/yuchao/workspace/blade/trunk_newkernel/platform/kernel.NEW-x86
+ [[ 1 -eq 0 ]]
+ echo SUCCESS
SUCCESS
+ cleanup
+ rm -f /home/yuchao/workspace/blade/trunk_newkernel/platform/kernel.NEW-x86/.scmversion
+ remove_patches
+ local patch
+ local idx
+ (( 1 ))
+ (( APPLIED_PATCHES>0 ))
+ idx=0
+ patch=/home/yuchao/workspace/blade/trunk_newkernel/platform/kernel.NEW-x86/svn_diff.patch
+ patch -p0 -R -d /home/yuchao/workspace/blade/trunk_newkernel/platform/kernel.NEW-x86
+ (( APPLIED_PATCHES--  ))
+ (( APPLIED_PATCHES>0 ))
+ [[ -d /home/yuchao/workspace/blade/trunk_newkernel/platform/kernel.NEW-x86/.git ]]
+ [[ -e /home/yuchao/.kpatch/tmp/vmlinux ]]
+ mv -f /home/yuchao/.kpatch/tmp/vmlinux /home/yuchao/workspace/blade/trunk_newkernel/platform/kernel.NEW-x86/
+ [[ -e /home/yuchao/.kpatch/tmp/link-vmlinux.sh ]]
+ [[ -e /home/yuchao/.kpatch/tmp/Makefile.modfinal ]]
+ [[ 1 -eq 0 ]]
+ rm -rf /home/yuchao/.kpatch/buildroot
+ unset KCFLAGS
+ unset KCPPFLAGS

